[2021-06-09 10:29:57] Текст ошибки: Undefined constant "base\seconds" |
        Файл: C:\Server\Domains\smart_house\core\base\Cache.php | Строка: 9
------------------
[2021-06-10 19:25:11] Текст ошибки: Страница не найдена |
        Файл: C:\Server\Domains\smartHouse\core\base\Router.php | Строка: 44
------------------
[2021-06-10 19:26:51] Текст ошибки: Страница не найдена |
        Файл: C:\Server\Domains\smartHouse\core\base\Router.php | Строка: 44
------------------
[2021-06-10 19:27:58] Текст ошибки: Страница не найдена |
        Файл: C:\Server\Domains\smartHouse\core\base\Router.php | Строка: 44
------------------
[2021-06-10 23:10:13] Текст ошибки: Страница не найдена |
        Файл: C:\Server\Domains\smartHouse\core\base\Router.php | Строка: 44
------------------
[2021-06-10 23:10:37] Текст ошибки: Страница не найдена |
        Файл: C:\Server\Domains\smartHouse\core\base\Router.php | Строка: 44
------------------
[2021-06-10 23:14:59] Текст ошибки: Страница не найдена |
        Файл: C:\Server\Domains\smartHouse\core\base\Router.php | Строка: 44
------------------
[2021-06-10 23:20:12] Текст ошибки: Страница не найдена |
        Файл: C:\Server\Domains\smartHouse\core\base\Router.php | Строка: 44
------------------
[2021-06-10 23:20:12] Текст ошибки: Страница не найдена |
        Файл: C:\Server\Domains\smartHouse\core\base\Router.php | Строка: 44
------------------
[2021-06-10 23:20:12] Текст ошибки: Страница не найдена |
        Файл: C:\Server\Domains\smartHouse\core\base\Router.php | Строка: 44
------------------
[2021-06-10 23:20:12] Текст ошибки: Страница не найдена |
        Файл: C:\Server\Domains\smartHouse\core\base\Router.php | Строка: 44
------------------
[2021-06-10 23:20:12] Текст ошибки: Страница не найдена |
        Файл: C:\Server\Domains\smartHouse\core\base\Router.php | Строка: 44
------------------
[2021-06-10 23:20:12] Текст ошибки: Страница не найдена |
        Файл: C:\Server\Domains\smartHouse\core\base\Router.php | Строка: 44
------------------
[2021-06-10 23:20:12] Текст ошибки: Страница не найдена |
        Файл: C:\Server\Domains\smartHouse\core\base\Router.php | Строка: 44
------------------
[2021-06-10 23:20:12] Текст ошибки: Страница не найдена |
        Файл: C:\Server\Domains\smartHouse\core\base\Router.php | Строка: 44
------------------
[2021-06-10 23:20:13] Текст ошибки: Страница не найдена |
        Файл: C:\Server\Domains\smartHouse\core\base\Router.php | Строка: 44
------------------
[2021-06-10 23:20:13] Текст ошибки: Страница не найдена |
        Файл: C:\Server\Domains\smartHouse\core\base\Router.php | Строка: 44
------------------
[2021-06-10 23:20:13] Текст ошибки: Страница не найдена |
        Файл: C:\Server\Domains\smartHouse\core\base\Router.php | Строка: 44
------------------
[2021-06-10 23:21:04] Текст ошибки: Страница не найдена |
        Файл: C:\Server\Domains\smartHouse\core\base\Router.php | Строка: 44
------------------
[2021-06-10 23:21:04] Текст ошибки: Страница не найдена |
        Файл: C:\Server\Domains\smartHouse\core\base\Router.php | Строка: 44
------------------
[2021-06-10 23:21:04] Текст ошибки: Страница не найдена |
        Файл: C:\Server\Domains\smartHouse\core\base\Router.php | Строка: 44
------------------
[2021-06-10 23:21:04] Текст ошибки: Страница не найдена |
        Файл: C:\Server\Domains\smartHouse\core\base\Router.php | Строка: 44
------------------
[2021-06-10 23:21:04] Текст ошибки: Страница не найдена |
        Файл: C:\Server\Domains\smartHouse\core\base\Router.php | Строка: 44
------------------
[2021-06-10 23:21:04] Текст ошибки: Страница не найдена |
        Файл: C:\Server\Domains\smartHouse\core\base\Router.php | Строка: 44
------------------
[2021-06-10 23:21:04] Текст ошибки: Страница не найдена |
        Файл: C:\Server\Domains\smartHouse\core\base\Router.php | Строка: 44
------------------
[2021-06-10 23:21:04] Текст ошибки: Страница не найдена |
        Файл: C:\Server\Domains\smartHouse\core\base\Router.php | Строка: 44
------------------
[2021-06-10 23:21:04] Текст ошибки: Страница не найдена |
        Файл: C:\Server\Domains\smartHouse\core\base\Router.php | Строка: 44
------------------
[2021-06-10 23:21:13] Текст ошибки: Страница не найдена |
        Файл: C:\Server\Domains\smartHouse\core\base\Router.php | Строка: 44
------------------
[2021-06-10 23:21:15] Текст ошибки: Страница не найдена |
        Файл: C:\Server\Domains\smartHouse\core\base\Router.php | Строка: 44
------------------
[2021-06-10 23:21:15] Текст ошибки: Страница не найдена |
        Файл: C:\Server\Domains\smartHouse\core\base\Router.php | Строка: 44
------------------
[2021-06-10 23:21:15] Текст ошибки: Страница не найдена |
        Файл: C:\Server\Domains\smartHouse\core\base\Router.php | Строка: 44
------------------
[2021-06-10 23:21:15] Текст ошибки: Страница не найдена |
        Файл: C:\Server\Domains\smartHouse\core\base\Router.php | Строка: 44
------------------
[2021-06-10 23:21:15] Текст ошибки: Страница не найдена |
        Файл: C:\Server\Domains\smartHouse\core\base\Router.php | Строка: 44
------------------
[2021-06-10 23:21:15] Текст ошибки: Страница не найдена |
        Файл: C:\Server\Domains\smartHouse\core\base\Router.php | Строка: 44
------------------
[2021-06-10 23:21:15] Текст ошибки: Страница не найдена |
        Файл: C:\Server\Domains\smartHouse\core\base\Router.php | Строка: 44
------------------
[2021-06-10 23:21:15] Текст ошибки: Страница не найдена |
        Файл: C:\Server\Domains\smartHouse\core\base\Router.php | Строка: 44
------------------
[2021-06-10 23:21:23] Текст ошибки: Страница не найдена |
        Файл: C:\Server\Domains\smartHouse\core\base\Router.php | Строка: 44
------------------
[2021-06-10 23:21:23] Текст ошибки: Страница не найдена |
        Файл: C:\Server\Domains\smartHouse\core\base\Router.php | Строка: 44
------------------
[2021-06-10 23:21:23] Текст ошибки: Страница не найдена |
        Файл: C:\Server\Domains\smartHouse\core\base\Router.php | Строка: 44
------------------
[2021-06-10 23:21:23] Текст ошибки: Страница не найдена |
        Файл: C:\Server\Domains\smartHouse\core\base\Router.php | Строка: 44
------------------
[2021-06-10 23:21:23] Текст ошибки: Страница не найдена |
        Файл: C:\Server\Domains\smartHouse\core\base\Router.php | Строка: 44
------------------
[2021-06-10 23:21:23] Текст ошибки: Страница не найдена |
        Файл: C:\Server\Domains\smartHouse\core\base\Router.php | Строка: 44
------------------
[2021-06-10 23:21:23] Текст ошибки: Страница не найдена |
        Файл: C:\Server\Domains\smartHouse\core\base\Router.php | Строка: 44
------------------
[2021-06-10 23:21:23] Текст ошибки: Страница не найдена |
        Файл: C:\Server\Domains\smartHouse\core\base\Router.php | Строка: 44
------------------
[2021-06-10 23:21:24] Текст ошибки: Страница не найдена |
        Файл: C:\Server\Domains\smartHouse\core\base\Router.php | Строка: 44
------------------
[2021-06-10 23:23:20] Текст ошибки: Страница не найдена |
        Файл: C:\Server\Domains\smartHouse\core\base\Router.php | Строка: 44
------------------
[2021-06-10 23:23:20] Текст ошибки: Страница не найдена |
        Файл: C:\Server\Domains\smartHouse\core\base\Router.php | Строка: 44
------------------
[2021-06-10 23:23:20] Текст ошибки: Страница не найдена |
        Файл: C:\Server\Domains\smartHouse\core\base\Router.php | Строка: 44
------------------
[2021-06-10 23:23:20] Текст ошибки: Страница не найдена |
        Файл: C:\Server\Domains\smartHouse\core\base\Router.php | Строка: 44
------------------
[2021-06-10 23:23:20] Текст ошибки: Страница не найдена |
        Файл: C:\Server\Domains\smartHouse\core\base\Router.php | Строка: 44
------------------
[2021-06-10 23:23:20] Текст ошибки: Страница не найдена |
        Файл: C:\Server\Domains\smartHouse\core\base\Router.php | Строка: 44
------------------
[2021-06-10 23:23:20] Текст ошибки: Страница не найдена |
        Файл: C:\Server\Domains\smartHouse\core\base\Router.php | Строка: 44
------------------
[2021-06-10 23:23:20] Текст ошибки: Страница не найдена |
        Файл: C:\Server\Domains\smartHouse\core\base\Router.php | Строка: 44
------------------
[2021-06-10 23:23:20] Текст ошибки: Страница не найдена |
        Файл: C:\Server\Domains\smartHouse\core\base\Router.php | Строка: 44
------------------
[2021-06-10 23:25:22] Текст ошибки: Страница не найдена |
        Файл: C:\Server\Domains\smartHouse\core\base\Router.php | Строка: 44
------------------
[2021-06-10 23:25:22] Текст ошибки: Страница не найдена |
        Файл: C:\Server\Domains\smartHouse\core\base\Router.php | Строка: 44
------------------
[2021-06-10 23:25:22] Текст ошибки: Страница не найдена |
        Файл: C:\Server\Domains\smartHouse\core\base\Router.php | Строка: 44
------------------
[2021-06-10 23:25:22] Текст ошибки: Страница не найдена |
        Файл: C:\Server\Domains\smartHouse\core\base\Router.php | Строка: 44
------------------
[2021-06-10 23:25:22] Текст ошибки: Страница не найдена |
        Файл: C:\Server\Domains\smartHouse\core\base\Router.php | Строка: 44
------------------
[2021-06-10 23:25:22] Текст ошибки: Страница не найдена |
        Файл: C:\Server\Domains\smartHouse\core\base\Router.php | Строка: 44
------------------
[2021-06-10 23:25:22] Текст ошибки: Страница не найдена |
        Файл: C:\Server\Domains\smartHouse\core\base\Router.php | Строка: 44
------------------
[2021-06-10 23:25:22] Текст ошибки: Страница не найдена |
        Файл: C:\Server\Domains\smartHouse\core\base\Router.php | Строка: 44
------------------
[2021-06-10 23:25:38] Текст ошибки: Страница не найдена |
        Файл: C:\Server\Domains\smartHouse\core\base\Router.php | Строка: 44
------------------
[2021-06-10 23:25:40] Текст ошибки: Страница не найдена |
        Файл: C:\Server\Domains\smartHouse\core\base\Router.php | Строка: 44
------------------
[2021-06-10 23:25:40] Текст ошибки: Страница не найдена |
        Файл: C:\Server\Domains\smartHouse\core\base\Router.php | Строка: 44
------------------
[2021-06-10 23:25:40] Текст ошибки: Страница не найдена |
        Файл: C:\Server\Domains\smartHouse\core\base\Router.php | Строка: 44
------------------
[2021-06-10 23:25:40] Текст ошибки: Страница не найдена |
        Файл: C:\Server\Domains\smartHouse\core\base\Router.php | Строка: 44
------------------
[2021-06-10 23:25:40] Текст ошибки: Страница не найдена |
        Файл: C:\Server\Domains\smartHouse\core\base\Router.php | Строка: 44
------------------
[2021-06-10 23:25:40] Текст ошибки: Страница не найдена |
        Файл: C:\Server\Domains\smartHouse\core\base\Router.php | Строка: 44
------------------
[2021-06-10 23:25:40] Текст ошибки: Страница не найдена |
        Файл: C:\Server\Domains\smartHouse\core\base\Router.php | Строка: 44
------------------
[2021-06-10 23:25:40] Текст ошибки: Страница не найдена |
        Файл: C:\Server\Domains\smartHouse\core\base\Router.php | Строка: 44
------------------
[2021-06-10 23:29:33] Текст ошибки: Страница не найдена |
        Файл: C:\Server\Domains\smartHouse\core\base\Router.php | Строка: 44
------------------
[2021-06-10 23:29:33] Текст ошибки: Страница не найдена |
        Файл: C:\Server\Domains\smartHouse\core\base\Router.php | Строка: 44
------------------
[2021-06-10 23:29:33] Текст ошибки: Страница не найдена |
        Файл: C:\Server\Domains\smartHouse\core\base\Router.php | Строка: 44
------------------
[2021-06-10 23:29:33] Текст ошибки: Страница не найдена |
        Файл: C:\Server\Domains\smartHouse\core\base\Router.php | Строка: 44
------------------
[2021-06-10 23:29:33] Текст ошибки: Страница не найдена |
        Файл: C:\Server\Domains\smartHouse\core\base\Router.php | Строка: 44
------------------
[2021-06-10 23:29:38] Текст ошибки: Страница не найдена |
        Файл: C:\Server\Domains\smartHouse\core\base\Router.php | Строка: 44
------------------
[2021-06-10 23:29:40] Текст ошибки: Страница не найдена |
        Файл: C:\Server\Domains\smartHouse\core\base\Router.php | Строка: 44
------------------
[2021-06-10 23:29:40] Текст ошибки: Страница не найдена |
        Файл: C:\Server\Domains\smartHouse\core\base\Router.php | Строка: 44
------------------
[2021-06-10 23:29:40] Текст ошибки: Страница не найдена |
        Файл: C:\Server\Domains\smartHouse\core\base\Router.php | Строка: 44
------------------
[2021-06-10 23:29:40] Текст ошибки: Страница не найдена |
        Файл: C:\Server\Domains\smartHouse\core\base\Router.php | Строка: 44
------------------
[2021-06-10 23:29:40] Текст ошибки: Страница не найдена |
        Файл: C:\Server\Domains\smartHouse\core\base\Router.php | Строка: 44
------------------
[2021-06-10 23:29:41] Текст ошибки: Страница не найдена |
        Файл: C:\Server\Domains\smartHouse\core\base\Router.php | Строка: 44
------------------
[2021-06-10 23:29:43] Текст ошибки: Страница не найдена |
        Файл: C:\Server\Domains\smartHouse\core\base\Router.php | Строка: 44
------------------
[2021-06-10 23:29:43] Текст ошибки: Страница не найдена |
        Файл: C:\Server\Domains\smartHouse\core\base\Router.php | Строка: 44
------------------
[2021-06-10 23:29:43] Текст ошибки: Страница не найдена |
        Файл: C:\Server\Domains\smartHouse\core\base\Router.php | Строка: 44
------------------
[2021-06-10 23:29:43] Текст ошибки: Страница не найдена |
        Файл: C:\Server\Domains\smartHouse\core\base\Router.php | Строка: 44
------------------
[2021-06-10 23:29:43] Текст ошибки: Страница не найдена |
        Файл: C:\Server\Domains\smartHouse\core\base\Router.php | Строка: 44
------------------
[2021-06-10 23:29:44] Текст ошибки: Страница не найдена |
        Файл: C:\Server\Domains\smartHouse\core\base\Router.php | Строка: 44
------------------
[2021-06-10 23:29:45] Текст ошибки: Страница не найдена |
        Файл: C:\Server\Domains\smartHouse\core\base\Router.php | Строка: 44
------------------
[2021-06-10 23:29:45] Текст ошибки: Страница не найдена |
        Файл: C:\Server\Domains\smartHouse\core\base\Router.php | Строка: 44
------------------
[2021-06-10 23:29:45] Текст ошибки: Страница не найдена |
        Файл: C:\Server\Domains\smartHouse\core\base\Router.php | Строка: 44
------------------
[2021-06-10 23:29:45] Текст ошибки: Страница не найдена |
        Файл: C:\Server\Domains\smartHouse\core\base\Router.php | Строка: 44
------------------
[2021-06-10 23:29:45] Текст ошибки: Страница не найдена |
        Файл: C:\Server\Domains\smartHouse\core\base\Router.php | Строка: 44
------------------
[2021-06-10 23:29:47] Текст ошибки: Страница не найдена |
        Файл: C:\Server\Domains\smartHouse\core\base\Router.php | Строка: 44
------------------
[2021-06-10 23:29:49] Текст ошибки: Страница не найдена |
        Файл: C:\Server\Domains\smartHouse\core\base\Router.php | Строка: 44
------------------
[2021-06-10 23:29:49] Текст ошибки: Страница не найдена |
        Файл: C:\Server\Domains\smartHouse\core\base\Router.php | Строка: 44
------------------
[2021-06-10 23:29:49] Текст ошибки: Страница не найдена |
        Файл: C:\Server\Domains\smartHouse\core\base\Router.php | Строка: 44
------------------
[2021-06-10 23:29:49] Текст ошибки: Страница не найдена |
        Файл: C:\Server\Domains\smartHouse\core\base\Router.php | Строка: 44
------------------
[2021-06-10 23:29:49] Текст ошибки: Страница не найдена |
        Файл: C:\Server\Domains\smartHouse\core\base\Router.php | Строка: 44
------------------
[2021-06-10 23:29:51] Текст ошибки: Страница не найдена |
        Файл: C:\Server\Domains\smartHouse\core\base\Router.php | Строка: 44
------------------
[2021-06-10 23:29:52] Текст ошибки: Страница не найдена |
        Файл: C:\Server\Domains\smartHouse\core\base\Router.php | Строка: 44
------------------
[2021-06-10 23:29:52] Текст ошибки: Страница не найдена |
        Файл: C:\Server\Domains\smartHouse\core\base\Router.php | Строка: 44
------------------
[2021-06-10 23:29:52] Текст ошибки: Страница не найдена |
        Файл: C:\Server\Domains\smartHouse\core\base\Router.php | Строка: 44
------------------
[2021-06-10 23:29:52] Текст ошибки: Страница не найдена |
        Файл: C:\Server\Domains\smartHouse\core\base\Router.php | Строка: 44
------------------
[2021-06-10 23:29:52] Текст ошибки: Страница не найдена |
        Файл: C:\Server\Domains\smartHouse\core\base\Router.php | Строка: 44
------------------
[2021-06-10 23:31:27] Текст ошибки: Страница не найдена |
        Файл: C:\Server\Domains\smartHouse\core\base\Router.php | Строка: 44
------------------
[2021-06-10 23:31:27] Текст ошибки: Страница не найдена |
        Файл: C:\Server\Domains\smartHouse\core\base\Router.php | Строка: 44
------------------
[2021-06-10 23:31:27] Текст ошибки: Страница не найдена |
        Файл: C:\Server\Domains\smartHouse\core\base\Router.php | Строка: 44
------------------
[2021-06-10 23:31:27] Текст ошибки: Страница не найдена |
        Файл: C:\Server\Domains\smartHouse\core\base\Router.php | Строка: 44
------------------
[2021-06-10 23:31:27] Текст ошибки: Страница не найдена |
        Файл: C:\Server\Domains\smartHouse\core\base\Router.php | Строка: 44
------------------
[2021-06-10 23:31:29] Текст ошибки: Страница не найдена |
        Файл: C:\Server\Domains\smartHouse\core\base\Router.php | Строка: 44
------------------
[2021-06-10 23:31:29] Текст ошибки: Страница не найдена |
        Файл: C:\Server\Domains\smartHouse\core\base\Router.php | Строка: 44
------------------
[2021-06-10 23:31:29] Текст ошибки: Страница не найдена |
        Файл: C:\Server\Domains\smartHouse\core\base\Router.php | Строка: 44
------------------
[2021-06-10 23:31:29] Текст ошибки: Страница не найдена |
        Файл: C:\Server\Domains\smartHouse\core\base\Router.php | Строка: 44
------------------
[2021-06-10 23:31:29] Текст ошибки: Страница не найдена |
        Файл: C:\Server\Domains\smartHouse\core\base\Router.php | Строка: 44
------------------
[2021-06-10 23:31:30] Текст ошибки: Страница не найдена |
        Файл: C:\Server\Domains\smartHouse\core\base\Router.php | Строка: 44
------------------
[2021-06-10 23:31:30] Текст ошибки: Страница не найдена |
        Файл: C:\Server\Domains\smartHouse\core\base\Router.php | Строка: 44
------------------
[2021-06-10 23:31:30] Текст ошибки: Страница не найдена |
        Файл: C:\Server\Domains\smartHouse\core\base\Router.php | Строка: 44
------------------
[2021-06-10 23:31:30] Текст ошибки: Страница не найдена |
        Файл: C:\Server\Domains\smartHouse\core\base\Router.php | Строка: 44
------------------
[2021-06-10 23:31:30] Текст ошибки: Страница не найдена |
        Файл: C:\Server\Domains\smartHouse\core\base\Router.php | Строка: 44
------------------
[2021-06-10 23:31:31] Текст ошибки: Страница не найдена |
        Файл: C:\Server\Domains\smartHouse\core\base\Router.php | Строка: 44
------------------
[2021-06-10 23:31:31] Текст ошибки: Страница не найдена |
        Файл: C:\Server\Domains\smartHouse\core\base\Router.php | Строка: 44
------------------
[2021-06-10 23:31:31] Текст ошибки: Страница не найдена |
        Файл: C:\Server\Domains\smartHouse\core\base\Router.php | Строка: 44
------------------
[2021-06-10 23:31:31] Текст ошибки: Страница не найдена |
        Файл: C:\Server\Domains\smartHouse\core\base\Router.php | Строка: 44
------------------
[2021-06-10 23:31:31] Текст ошибки: Страница не найдена |
        Файл: C:\Server\Domains\smartHouse\core\base\Router.php | Строка: 44
------------------
[2021-06-10 23:31:33] Текст ошибки: Страница не найдена |
        Файл: C:\Server\Domains\smartHouse\core\base\Router.php | Строка: 44
------------------
[2021-06-10 23:31:33] Текст ошибки: Страница не найдена |
        Файл: C:\Server\Domains\smartHouse\core\base\Router.php | Строка: 44
------------------
[2021-06-10 23:31:33] Текст ошибки: Страница не найдена |
        Файл: C:\Server\Domains\smartHouse\core\base\Router.php | Строка: 44
------------------
[2021-06-10 23:31:33] Текст ошибки: Страница не найдена |
        Файл: C:\Server\Domains\smartHouse\core\base\Router.php | Строка: 44
------------------
[2021-06-10 23:31:33] Текст ошибки: Страница не найдена |
        Файл: C:\Server\Domains\smartHouse\core\base\Router.php | Строка: 44
------------------
[2021-06-10 23:34:50] Текст ошибки: Страница не найдена |
        Файл: C:\Server\Domains\smartHouse\core\base\Router.php | Строка: 44
------------------
[2021-06-10 23:34:50] Текст ошибки: Страница не найдена |
        Файл: C:\Server\Domains\smartHouse\core\base\Router.php | Строка: 44
------------------
[2021-06-10 23:34:50] Текст ошибки: Страница не найдена |
        Файл: C:\Server\Domains\smartHouse\core\base\Router.php | Строка: 44
------------------
[2021-06-10 23:34:50] Текст ошибки: Страница не найдена |
        Файл: C:\Server\Domains\smartHouse\core\base\Router.php | Строка: 44
------------------
[2021-06-10 23:34:50] Текст ошибки: Страница не найдена |
        Файл: C:\Server\Domains\smartHouse\core\base\Router.php | Строка: 44
------------------
[2021-06-10 23:36:35] Текст ошибки: Страница не найдена |
        Файл: C:\Server\Domains\smartHouse\core\base\Router.php | Строка: 44
------------------
[2021-06-10 23:36:35] Текст ошибки: Страница не найдена |
        Файл: C:\Server\Domains\smartHouse\core\base\Router.php | Строка: 44
------------------
[2021-06-10 23:36:35] Текст ошибки: Страница не найдена |
        Файл: C:\Server\Domains\smartHouse\core\base\Router.php | Строка: 44
------------------
[2021-06-10 23:36:35] Текст ошибки: Страница не найдена |
        Файл: C:\Server\Domains\smartHouse\core\base\Router.php | Строка: 44
------------------
[2021-06-10 23:36:35] Текст ошибки: Страница не найдена |
        Файл: C:\Server\Domains\smartHouse\core\base\Router.php | Строка: 44
------------------
[2021-06-10 23:38:03] Текст ошибки: Страница не найдена |
        Файл: C:\Server\Domains\smartHouse\core\base\Router.php | Строка: 44
------------------
[2021-06-10 23:38:04] Текст ошибки: Страница не найдена |
        Файл: C:\Server\Domains\smartHouse\core\base\Router.php | Строка: 44
------------------
[2021-06-10 23:38:04] Текст ошибки: Страница не найдена |
        Файл: C:\Server\Domains\smartHouse\core\base\Router.php | Строка: 44
------------------
[2021-06-10 23:38:04] Текст ошибки: Страница не найдена |
        Файл: C:\Server\Domains\smartHouse\core\base\Router.php | Строка: 44
------------------
[2021-06-10 23:38:04] Текст ошибки: Страница не найдена |
        Файл: C:\Server\Domains\smartHouse\core\base\Router.php | Строка: 44
------------------
[2021-06-11 00:04:26] Текст ошибки: Страница не найдена |
        Файл: C:\Server\Domains\smartHouse\core\base\Router.php | Строка: 44
------------------
[2021-06-11 00:08:11] Текст ошибки: Страница не найдена |
        Файл: C:\Server\Domains\smartHouse\core\base\Router.php | Строка: 44
------------------
[2021-06-11 00:08:11] Текст ошибки: Страница не найдена |
        Файл: C:\Server\Domains\smartHouse\core\base\Router.php | Строка: 44
------------------
[2021-06-11 00:08:11] Текст ошибки: Страница не найдена |
        Файл: C:\Server\Domains\smartHouse\core\base\Router.php | Строка: 44
------------------
[2021-06-11 00:08:11] Текст ошибки: Страница не найдена |
        Файл: C:\Server\Domains\smartHouse\core\base\Router.php | Строка: 44
------------------
[2021-06-11 00:10:05] Текст ошибки: Страница не найдена |
        Файл: C:\Server\Domains\smartHouse\core\base\Router.php | Строка: 44
------------------
[2021-06-11 00:10:05] Текст ошибки: Страница не найдена |
        Файл: C:\Server\Domains\smartHouse\core\base\Router.php | Строка: 44
------------------
[2021-06-11 00:10:05] Текст ошибки: Страница не найдена |
        Файл: C:\Server\Domains\smartHouse\core\base\Router.php | Строка: 44
------------------
[2021-06-11 00:15:42] Текст ошибки: Страница не найдена |
        Файл: C:\Server\Domains\smartHouse\core\base\Router.php | Строка: 44
------------------
[2021-06-11 00:15:42] Текст ошибки: Страница не найдена |
        Файл: C:\Server\Domains\smartHouse\core\base\Router.php | Строка: 44
------------------
[2021-06-11 00:15:42] Текст ошибки: Страница не найдена |
        Файл: C:\Server\Domains\smartHouse\core\base\Router.php | Строка: 44
------------------
[2021-06-11 00:16:38] Текст ошибки: Страница не найдена |
        Файл: C:\Server\Domains\smartHouse\core\base\Router.php | Строка: 44
------------------
[2021-06-11 00:16:38] Текст ошибки: Страница не найдена |
        Файл: C:\Server\Domains\smartHouse\core\base\Router.php | Строка: 44
------------------
[2021-06-11 00:16:38] Текст ошибки: Страница не найдена |
        Файл: C:\Server\Domains\smartHouse\core\base\Router.php | Строка: 44
------------------
[2021-06-11 00:19:15] Текст ошибки: Страница не найдена |
        Файл: C:\Server\Domains\smartHouse\core\base\Router.php | Строка: 44
------------------
[2021-06-11 00:19:15] Текст ошибки: Страница не найдена |
        Файл: C:\Server\Domains\smartHouse\core\base\Router.php | Строка: 44
------------------
[2021-06-11 00:19:15] Текст ошибки: Страница не найдена |
        Файл: C:\Server\Domains\smartHouse\core\base\Router.php | Строка: 44
------------------
[2021-06-11 00:19:24] Текст ошибки: Страница не найдена |
        Файл: C:\Server\Domains\smartHouse\core\base\Router.php | Строка: 44
------------------
[2021-06-11 00:19:24] Текст ошибки: Страница не найдена |
        Файл: C:\Server\Domains\smartHouse\core\base\Router.php | Строка: 44
------------------
[2021-06-11 00:19:24] Текст ошибки: Страница не найдена |
        Файл: C:\Server\Domains\smartHouse\core\base\Router.php | Строка: 44
------------------
[2021-06-11 00:28:41] Текст ошибки: Страница не найдена |
        Файл: C:\Server\Domains\smartHouse\core\base\Router.php | Строка: 44
------------------
[2021-06-11 00:28:41] Текст ошибки: Страница не найдена |
        Файл: C:\Server\Domains\smartHouse\core\base\Router.php | Строка: 44
------------------
[2021-06-11 00:28:41] Текст ошибки: Страница не найдена |
        Файл: C:\Server\Domains\smartHouse\core\base\Router.php | Строка: 44
------------------
[2021-06-11 00:28:56] Текст ошибки: Страница не найдена |
        Файл: C:\Server\Domains\smartHouse\core\base\Router.php | Строка: 44
------------------
[2021-06-11 00:29:07] Текст ошибки: Страница не найдена |
        Файл: C:\Server\Domains\smartHouse\core\base\Router.php | Строка: 44
------------------
[2021-06-11 00:29:07] Текст ошибки: Страница не найдена |
        Файл: C:\Server\Domains\smartHouse\core\base\Router.php | Строка: 44
------------------
[2021-06-11 00:29:07] Текст ошибки: Страница не найдена |
        Файл: C:\Server\Domains\smartHouse\core\base\Router.php | Строка: 44
------------------
[2021-06-11 00:29:59] Текст ошибки: Страница не найдена |
        Файл: C:\Server\Domains\smartHouse\core\base\Router.php | Строка: 44
------------------
[2021-06-11 00:29:59] Текст ошибки: Страница не найдена |
        Файл: C:\Server\Domains\smartHouse\core\base\Router.php | Строка: 44
------------------
[2021-06-11 00:29:59] Текст ошибки: Страница не найдена |
        Файл: C:\Server\Domains\smartHouse\core\base\Router.php | Строка: 44
------------------
[2021-06-11 00:30:23] Текст ошибки: Страница не найдена |
        Файл: C:\Server\Domains\smartHouse\core\base\Router.php | Строка: 44
------------------
[2021-06-11 00:30:23] Текст ошибки: Страница не найдена |
        Файл: C:\Server\Domains\smartHouse\core\base\Router.php | Строка: 44
------------------
[2021-06-11 00:30:23] Текст ошибки: Страница не найдена |
        Файл: C:\Server\Domains\smartHouse\core\base\Router.php | Строка: 44
------------------
[2021-06-11 00:30:24] Текст ошибки: Страница не найдена |
        Файл: C:\Server\Domains\smartHouse\core\base\Router.php | Строка: 44
------------------
[2021-06-11 00:30:24] Текст ошибки: Страница не найдена |
        Файл: C:\Server\Domains\smartHouse\core\base\Router.php | Строка: 44
------------------
[2021-06-11 00:30:24] Текст ошибки: Страница не найдена |
        Файл: C:\Server\Domains\smartHouse\core\base\Router.php | Строка: 44
------------------
[2021-06-11 00:30:24] Текст ошибки: Страница не найдена |
        Файл: C:\Server\Domains\smartHouse\core\base\Router.php | Строка: 44
------------------
[2021-06-11 00:30:24] Текст ошибки: Страница не найдена |
        Файл: C:\Server\Domains\smartHouse\core\base\Router.php | Строка: 44
------------------
[2021-06-11 00:30:24] Текст ошибки: Страница не найдена |
        Файл: C:\Server\Domains\smartHouse\core\base\Router.php | Строка: 44
------------------
[2021-06-11 00:30:49] Текст ошибки: Страница не найдена |
        Файл: C:\Server\Domains\smartHouse\core\base\Router.php | Строка: 44
------------------
[2021-06-11 00:30:52] Текст ошибки: Страница не найдена |
        Файл: C:\Server\Domains\smartHouse\core\base\Router.php | Строка: 44
------------------
[2021-06-11 00:30:54] Текст ошибки: Страница не найдена |
        Файл: C:\Server\Domains\smartHouse\core\base\Router.php | Строка: 44
------------------
[2021-06-11 00:30:57] Текст ошибки: Страница не найдена |
        Файл: C:\Server\Domains\smartHouse\core\base\Router.php | Строка: 44
------------------
[2021-06-11 00:30:59] Текст ошибки: Страница не найдена |
        Файл: C:\Server\Domains\smartHouse\core\base\Router.php | Строка: 44
------------------
[2021-06-11 00:31:29] Текст ошибки: Страница не найдена |
        Файл: C:\Server\Domains\smartHouse\core\base\Router.php | Строка: 44
------------------
[2021-06-11 00:33:59] Текст ошибки: Страница не найдена |
        Файл: C:\Server\Domains\smartHouse\core\base\Router.php | Строка: 44
------------------
[2021-06-11 01:23:14] Текст ошибки: Страница не найдена |
        Файл: C:\Server\Domains\smartHouse\core\base\Router.php | Строка: 44
------------------
[2021-06-11 01:23:30] Текст ошибки: Страница не найдена |
        Файл: C:\Server\Domains\smartHouse\core\base\Router.php | Строка: 44
------------------
[2021-06-11 01:25:23] Текст ошибки: Страница не найдена |
        Файл: C:\Server\Domains\smartHouse\core\base\Router.php | Строка: 44
------------------
[2021-06-11 01:25:28] Текст ошибки: Страница не найдена |
        Файл: C:\Server\Domains\smartHouse\core\base\Router.php | Строка: 44
------------------
[2021-06-11 01:28:02] Текст ошибки: Страница не найдена |
        Файл: C:\Server\Domains\smartHouse\core\base\Router.php | Строка: 44
------------------
[2021-06-11 01:30:17] Текст ошибки: Страница не найдена |
        Файл: C:\Server\Domains\smartHouse\core\base\Router.php | Строка: 45
------------------
[2021-06-11 01:31:27] Текст ошибки: Страница не найдена |
        Файл: C:\Server\Domains\smartHouse\core\base\Router.php | Строка: 44
------------------
[2021-06-11 01:33:15] Текст ошибки: Страница не найдена |
        Файл: C:\Server\Domains\smartHouse\core\base\Router.php | Строка: 45
------------------
[2021-06-11 01:35:08] Текст ошибки: Страница не найдена |
        Файл: C:\Server\Domains\smartHouse\core\base\Router.php | Строка: 45
------------------
[2021-06-11 01:36:05] Текст ошибки: Страница не найдена |
        Файл: C:\Server\Domains\smartHouse\core\base\Router.php | Строка: 45
------------------
[2021-06-11 01:39:11] Текст ошибки: Страница не найдена |
        Файл: C:\Server\Domains\smartHouse\core\base\Router.php | Строка: 45
------------------
[2021-06-11 01:40:40] Текст ошибки: Страница не найдена |
        Файл: C:\Server\Domains\smartHouse\core\base\Router.php | Строка: 44
------------------
[2021-06-11 01:44:16] Текст ошибки: Страница не найдена |
        Файл: C:\Server\Domains\smartHouse\core\base\Router.php | Строка: 44
------------------
[2021-06-11 01:46:39] Текст ошибки: Страница не найдена |
        Файл: C:\Server\Domains\smartHouse\core\base\Router.php | Строка: 44
------------------
[2021-06-11 01:50:51] Текст ошибки: Страница не найдена |
        Файл: C:\Server\Domains\smartHouse\core\base\Router.php | Строка: 44
------------------
[2021-06-11 01:59:07] Текст ошибки: Не найден вид C:\Server\Domains\smartHouse/app/views/Main/dashboard.php |
        Файл: C:\Server\Domains\smartHouse\core\base\View.php | Строка: 38
------------------
[2021-06-11 02:00:18] Текст ошибки: Не найден вид C:\Server\Domains\smartHouse/app/views/Main/dashboard.php |
        Файл: C:\Server\Domains\smartHouse\core\base\View.php | Строка: 38
------------------
[2021-06-11 02:01:13] Текст ошибки: Не найден вид C:\Server\Domains\smartHouse/app/views/Main/dashboard.php |
        Файл: C:\Server\Domains\smartHouse\core\base\View.php | Строка: 38
------------------
[2021-06-11 02:05:45] Текст ошибки: Не найден вид C:\Server\Domains\smartHouse/app/views/Main/dashboard.php |
        Файл: C:\Server\Domains\smartHouse\core\base\View.php | Строка: 38
------------------
[2021-06-11 02:05:50] Текст ошибки: Метод app\controllers\MainController::dAction не найден |
        Файл: C:\Server\Domains\smartHouse\core\base\Router.php | Строка: 36
------------------
[2021-06-11 02:06:24] Текст ошибки: Страница не найдена |
        Файл: C:\Server\Domains\smartHouse\core\base\Router.php | Строка: 44
------------------
[2021-06-11 02:06:24] Текст ошибки: Страница не найдена |
        Файл: C:\Server\Domains\smartHouse\core\base\Router.php | Строка: 44
------------------
[2021-06-11 02:06:24] Текст ошибки: Страница не найдена |
        Файл: C:\Server\Domains\smartHouse\core\base\Router.php | Строка: 44
------------------
[2021-06-11 02:06:24] Текст ошибки: Страница не найдена |
        Файл: C:\Server\Domains\smartHouse\core\base\Router.php | Строка: 44
------------------
[2021-06-11 02:06:24] Текст ошибки: Страница не найдена |
        Файл: C:\Server\Domains\smartHouse\core\base\Router.php | Строка: 44
------------------
[2021-06-11 02:06:24] Текст ошибки: Страница не найдена |
        Файл: C:\Server\Domains\smartHouse\core\base\Router.php | Строка: 44
------------------
[2021-06-11 02:06:31] Текст ошибки: Страница не найдена |
        Файл: C:\Server\Domains\smartHouse\core\base\Router.php | Строка: 44
------------------
[2021-06-11 02:07:13] Текст ошибки: Страница не найдена |
        Файл: C:\Server\Domains\smartHouse\core\base\Router.php | Строка: 44
------------------
[2021-06-11 02:07:15] Текст ошибки: Страница не найдена |
        Файл: C:\Server\Domains\smartHouse\core\base\Router.php | Строка: 44
------------------
[2021-06-11 02:07:15] Текст ошибки: Страница не найдена |
        Файл: C:\Server\Domains\smartHouse\core\base\Router.php | Строка: 44
------------------
[2021-06-11 02:07:15] Текст ошибки: Страница не найдена |
        Файл: C:\Server\Domains\smartHouse\core\base\Router.php | Строка: 44
------------------
[2021-06-11 02:07:15] Текст ошибки: Страница не найдена |
        Файл: C:\Server\Domains\smartHouse\core\base\Router.php | Строка: 44
------------------
[2021-06-11 02:07:15] Текст ошибки: Страница не найдена |
        Файл: C:\Server\Domains\smartHouse\core\base\Router.php | Строка: 44
------------------
[2021-06-11 02:07:15] Текст ошибки: Страница не найдена |
        Файл: C:\Server\Domains\smartHouse\core\base\Router.php | Строка: 44
------------------
[2021-06-11 02:07:18] Текст ошибки: Страница не найдена |
        Файл: C:\Server\Domains\smartHouse\core\base\Router.php | Строка: 44
------------------
[2021-06-11 02:07:18] Текст ошибки: Страница не найдена |
        Файл: C:\Server\Domains\smartHouse\core\base\Router.php | Строка: 44
------------------
[2021-06-11 02:07:18] Текст ошибки: Страница не найдена |
        Файл: C:\Server\Domains\smartHouse\core\base\Router.php | Строка: 44
------------------
[2021-06-11 02:07:18] Текст ошибки: Страница не найдена |
        Файл: C:\Server\Domains\smartHouse\core\base\Router.php | Строка: 44
------------------
[2021-06-11 02:07:18] Текст ошибки: Страница не найдена |
        Файл: C:\Server\Domains\smartHouse\core\base\Router.php | Строка: 44
------------------
[2021-06-11 02:07:23] Текст ошибки: Страница не найдена |
        Файл: C:\Server\Domains\smartHouse\core\base\Router.php | Строка: 44
------------------
[2021-06-11 02:07:23] Текст ошибки: Страница не найдена |
        Файл: C:\Server\Domains\smartHouse\core\base\Router.php | Строка: 44
------------------
[2021-06-11 02:07:23] Текст ошибки: Страница не найдена |
        Файл: C:\Server\Domains\smartHouse\core\base\Router.php | Строка: 44
------------------
[2021-06-11 02:07:23] Текст ошибки: Страница не найдена |
        Файл: C:\Server\Domains\smartHouse\core\base\Router.php | Строка: 44
------------------
[2021-06-11 02:07:23] Текст ошибки: Страница не найдена |
        Файл: C:\Server\Domains\smartHouse\core\base\Router.php | Строка: 44
------------------
[2021-06-11 02:07:24] Текст ошибки: Страница не найдена |
        Файл: C:\Server\Domains\smartHouse\core\base\Router.php | Строка: 44
------------------
[2021-06-11 02:07:24] Текст ошибки: Страница не найдена |
        Файл: C:\Server\Domains\smartHouse\core\base\Router.php | Строка: 44
------------------
[2021-06-11 02:07:24] Текст ошибки: Страница не найдена |
        Файл: C:\Server\Domains\smartHouse\core\base\Router.php | Строка: 44
------------------
[2021-06-11 02:07:24] Текст ошибки: Страница не найдена |
        Файл: C:\Server\Domains\smartHouse\core\base\Router.php | Строка: 44
------------------
[2021-06-11 02:07:24] Текст ошибки: Страница не найдена |
        Файл: C:\Server\Domains\smartHouse\core\base\Router.php | Строка: 44
------------------
[2021-06-11 02:07:24] Текст ошибки: Страница не найдена |
        Файл: C:\Server\Domains\smartHouse\core\base\Router.php | Строка: 44
------------------
[2021-06-11 02:07:27] Текст ошибки: Страница не найдена |
        Файл: C:\Server\Domains\smartHouse\core\base\Router.php | Строка: 44
------------------
[2021-06-11 02:07:27] Текст ошибки: Страница не найдена |
        Файл: C:\Server\Domains\smartHouse\core\base\Router.php | Строка: 44
------------------
[2021-06-11 02:07:27] Текст ошибки: Страница не найдена |
        Файл: C:\Server\Domains\smartHouse\core\base\Router.php | Строка: 44
------------------
[2021-06-11 02:07:27] Текст ошибки: Страница не найдена |
        Файл: C:\Server\Domains\smartHouse\core\base\Router.php | Строка: 44
------------------
[2021-06-11 02:07:27] Текст ошибки: Страница не найдена |
        Файл: C:\Server\Domains\smartHouse\core\base\Router.php | Строка: 44
------------------
[2021-06-11 02:07:29] Текст ошибки: Страница не найдена |
        Файл: C:\Server\Domains\smartHouse\core\base\Router.php | Строка: 44
------------------
[2021-06-11 02:07:32] Текст ошибки: Страница не найдена |
        Файл: C:\Server\Domains\smartHouse\core\base\Router.php | Строка: 44
------------------
[2021-06-11 02:07:32] Текст ошибки: Страница не найдена |
        Файл: C:\Server\Domains\smartHouse\core\base\Router.php | Строка: 44
------------------
[2021-06-11 02:07:32] Текст ошибки: Страница не найдена |
        Файл: C:\Server\Domains\smartHouse\core\base\Router.php | Строка: 44
------------------
[2021-06-11 02:07:32] Текст ошибки: Страница не найдена |
        Файл: C:\Server\Domains\smartHouse\core\base\Router.php | Строка: 44
------------------
[2021-06-11 02:07:32] Текст ошибки: Страница не найдена |
        Файл: C:\Server\Domains\smartHouse\core\base\Router.php | Строка: 44
------------------
[2021-06-11 02:07:32] Текст ошибки: Страница не найдена |
        Файл: C:\Server\Domains\smartHouse\core\base\Router.php | Строка: 44
------------------
[2021-06-11 02:08:17] Текст ошибки: Страница не найдена |
        Файл: C:\Server\Domains\smartHouse\core\base\Router.php | Строка: 44
------------------
[2021-06-11 02:08:17] Текст ошибки: Страница не найдена |
        Файл: C:\Server\Domains\smartHouse\core\base\Router.php | Строка: 44
------------------
[2021-06-11 02:08:17] Текст ошибки: Страница не найдена |
        Файл: C:\Server\Domains\smartHouse\core\base\Router.php | Строка: 44
------------------
[2021-06-11 02:08:17] Текст ошибки: Страница не найдена |
        Файл: C:\Server\Domains\smartHouse\core\base\Router.php | Строка: 44
------------------
[2021-06-11 02:08:17] Текст ошибки: Страница не найдена |
        Файл: C:\Server\Domains\smartHouse\core\base\Router.php | Строка: 44
------------------
[2021-06-11 02:08:17] Текст ошибки: Страница не найдена |
        Файл: C:\Server\Domains\smartHouse\core\base\Router.php | Строка: 44
------------------
[2021-06-11 02:09:39] Текст ошибки: Контроллер app\controllers\DController не найден |
        Файл: C:\Server\Domains\smartHouse\core\base\Router.php | Строка: 40
------------------
[2021-06-11 02:10:28] Текст ошибки: Контроллер app\controllers\DashboardController не найден |
        Файл: C:\Server\Domains\smartHouse\core\base\Router.php | Строка: 40
------------------
[2021-06-11 02:11:46] Текст ошибки: Контроллер app\controllers\DashboardController не найден |
        Файл: C:\Server\Domains\smartHouse\core\base\Router.php | Строка: 40
------------------
[2021-06-11 02:12:24] Текст ошибки: Не найден вид C:\Server\Domains\smartHouse/app/views/Main/dashboard.php |
        Файл: C:\Server\Domains\smartHouse\core\base\View.php | Строка: 38
------------------
[2021-06-11 02:13:04] Текст ошибки: Страница не найдена |
        Файл: C:\Server\Domains\smartHouse\core\base\Router.php | Строка: 44
------------------
[2021-06-11 02:13:04] Текст ошибки: Страница не найдена |
        Файл: C:\Server\Domains\smartHouse\core\base\Router.php | Строка: 44
------------------
[2021-06-11 02:13:04] Текст ошибки: Страница не найдена |
        Файл: C:\Server\Domains\smartHouse\core\base\Router.php | Строка: 44
------------------
[2021-06-15 14:19:40] Текст ошибки: Страница не найдена |
        Файл: C:\Server\Domains\smartHouse\core\base\Router.php | Строка: 44
------------------
[2021-06-15 14:19:40] Текст ошибки: Страница не найдена |
        Файл: C:\Server\Domains\smartHouse\core\base\Router.php | Строка: 44
------------------
[2021-06-15 14:19:40] Текст ошибки: Страница не найдена |
        Файл: C:\Server\Domains\smartHouse\core\base\Router.php | Строка: 44
------------------
[2021-06-15 14:19:41] Текст ошибки: Страница не найдена |
        Файл: C:\Server\Domains\smartHouse\core\base\Router.php | Строка: 44
------------------
[2021-06-15 14:19:41] Текст ошибки: Страница не найдена |
        Файл: C:\Server\Domains\smartHouse\core\base\Router.php | Строка: 44
------------------
[2021-06-15 14:19:41] Текст ошибки: Страница не найдена |
        Файл: C:\Server\Domains\smartHouse\core\base\Router.php | Строка: 44
------------------
[2021-06-15 14:19:42] Текст ошибки: Страница не найдена |
        Файл: C:\Server\Domains\smartHouse\core\base\Router.php | Строка: 44
------------------
[2021-06-15 14:19:42] Текст ошибки: Страница не найдена |
        Файл: C:\Server\Domains\smartHouse\core\base\Router.php | Строка: 44
------------------
[2021-06-15 14:19:42] Текст ошибки: Страница не найдена |
        Файл: C:\Server\Domains\smartHouse\core\base\Router.php | Строка: 44
------------------
[2021-06-15 14:19:44] Текст ошибки: Страница не найдена |
        Файл: C:\Server\Domains\smartHouse\core\base\Router.php | Строка: 44
------------------
[2021-06-15 14:19:49] Текст ошибки: Страница не найдена |
        Файл: C:\Server\Domains\smartHouse\core\base\Router.php | Строка: 44
------------------
[2021-06-15 14:19:49] Текст ошибки: Страница не найдена |
        Файл: C:\Server\Domains\smartHouse\core\base\Router.php | Строка: 44
------------------
[2021-06-15 14:19:49] Текст ошибки: Страница не найдена |
        Файл: C:\Server\Domains\smartHouse\core\base\Router.php | Строка: 44
------------------
[2021-06-15 14:19:49] Текст ошибки: Страница не найдена |
        Файл: C:\Server\Domains\smartHouse\core\base\Router.php | Строка: 44
------------------
[2021-06-15 14:19:49] Текст ошибки: Страница не найдена |
        Файл: C:\Server\Domains\smartHouse\core\base\Router.php | Строка: 44
------------------
[2021-06-15 14:19:53] Текст ошибки: Страница не найдена |
        Файл: C:\Server\Domains\smartHouse\core\base\Router.php | Строка: 44
------------------
[2021-06-15 14:19:56] Текст ошибки: Страница не найдена |
        Файл: C:\Server\Domains\smartHouse\core\base\Router.php | Строка: 44
------------------
[2021-06-15 14:19:56] Текст ошибки: Страница не найдена |
        Файл: C:\Server\Domains\smartHouse\core\base\Router.php | Строка: 44
------------------
[2021-06-15 14:19:56] Текст ошибки: Страница не найдена |
        Файл: C:\Server\Domains\smartHouse\core\base\Router.php | Строка: 44
------------------
[2021-06-15 14:19:56] Текст ошибки: Страница не найдена |
        Файл: C:\Server\Domains\smartHouse\core\base\Router.php | Строка: 44
------------------
[2021-06-15 14:19:56] Текст ошибки: Страница не найдена |
        Файл: C:\Server\Domains\smartHouse\core\base\Router.php | Строка: 44
------------------
[2021-06-15 14:19:56] Текст ошибки: Страница не найдена |
        Файл: C:\Server\Domains\smartHouse\core\base\Router.php | Строка: 44
------------------
[2021-06-15 14:21:28] Текст ошибки: Страница не найдена |
        Файл: C:\Server\Domains\smartHouse\core\base\Router.php | Строка: 44
------------------
[2021-06-15 14:21:28] Текст ошибки: Страница не найдена |
        Файл: C:\Server\Domains\smartHouse\core\base\Router.php | Строка: 44
------------------
[2021-06-15 14:21:28] Текст ошибки: Страница не найдена |
        Файл: C:\Server\Domains\smartHouse\core\base\Router.php | Строка: 44
------------------
[2021-06-15 14:21:28] Текст ошибки: Страница не найдена |
        Файл: C:\Server\Domains\smartHouse\core\base\Router.php | Строка: 44
------------------
[2021-06-15 14:21:28] Текст ошибки: Страница не найдена |
        Файл: C:\Server\Domains\smartHouse\core\base\Router.php | Строка: 44
------------------
[2021-06-15 14:21:31] Текст ошибки: Страница не найдена |
        Файл: C:\Server\Domains\smartHouse\core\base\Router.php | Строка: 44
------------------
[2021-06-15 14:21:31] Текст ошибки: Страница не найдена |
        Файл: C:\Server\Domains\smartHouse\core\base\Router.php | Строка: 44
------------------
[2021-06-15 14:21:31] Текст ошибки: Страница не найдена |
        Файл: C:\Server\Domains\smartHouse\core\base\Router.php | Строка: 44
------------------
[2021-06-15 14:21:48] Текст ошибки: Страница не найдена |
        Файл: C:\Server\Domains\smartHouse\core\base\Router.php | Строка: 44
------------------
[2021-06-15 14:21:48] Текст ошибки: Страница не найдена |
        Файл: C:\Server\Domains\smartHouse\core\base\Router.php | Строка: 44
------------------
[2021-06-15 14:21:48] Текст ошибки: Страница не найдена |
        Файл: C:\Server\Domains\smartHouse\core\base\Router.php | Строка: 44
------------------
[2021-06-15 14:23:54] Текст ошибки: Страница не найдена |
        Файл: C:\Server\Domains\smartHouse\core\base\Router.php | Строка: 44
------------------
[2021-06-15 14:23:54] Текст ошибки: Страница не найдена |
        Файл: C:\Server\Domains\smartHouse\core\base\Router.php | Строка: 44
------------------
[2021-06-15 14:23:54] Текст ошибки: Страница не найдена |
        Файл: C:\Server\Domains\smartHouse\core\base\Router.php | Строка: 44
------------------
[2021-06-15 14:23:58] Текст ошибки: Страница не найдена |
        Файл: C:\Server\Domains\smartHouse\core\base\Router.php | Строка: 44
------------------
[2021-06-15 14:23:58] Текст ошибки: Страница не найдена |
        Файл: C:\Server\Domains\smartHouse\core\base\Router.php | Строка: 44
------------------
[2021-06-15 14:23:58] Текст ошибки: Страница не найдена |
        Файл: C:\Server\Domains\smartHouse\core\base\Router.php | Строка: 44
------------------
[2021-06-15 14:23:58] Текст ошибки: Страница не найдена |
        Файл: C:\Server\Domains\smartHouse\core\base\Router.php | Строка: 44
------------------
[2021-06-15 14:23:58] Текст ошибки: Страница не найдена |
        Файл: C:\Server\Domains\smartHouse\core\base\Router.php | Строка: 44
------------------
[2021-06-15 14:23:58] Текст ошибки: Страница не найдена |
        Файл: C:\Server\Domains\smartHouse\core\base\Router.php | Строка: 44
------------------
[2021-06-15 14:23:58] Текст ошибки: Страница не найдена |
        Файл: C:\Server\Domains\smartHouse\core\base\Router.php | Строка: 44
------------------
[2021-06-15 14:23:58] Текст ошибки: Страница не найдена |
        Файл: C:\Server\Domains\smartHouse\core\base\Router.php | Строка: 44
------------------
[2021-06-15 14:23:58] Текст ошибки: Страница не найдена |
        Файл: C:\Server\Domains\smartHouse\core\base\Router.php | Строка: 44
------------------
[2021-06-15 14:23:58] Текст ошибки: Страница не найдена |
        Файл: C:\Server\Domains\smartHouse\core\base\Router.php | Строка: 44
------------------
[2021-06-15 14:23:58] Текст ошибки: Страница не найдена |
        Файл: C:\Server\Domains\smartHouse\core\base\Router.php | Строка: 44
------------------
[2021-06-15 14:23:58] Текст ошибки: Страница не найдена |
        Файл: C:\Server\Domains\smartHouse\core\base\Router.php | Строка: 44
------------------
[2021-06-15 14:25:09] Текст ошибки: Страница не найдена |
        Файл: C:\Server\Domains\smartHouse\core\base\Router.php | Строка: 44
------------------
[2021-06-15 14:25:09] Текст ошибки: Страница не найдена |
        Файл: C:\Server\Domains\smartHouse\core\base\Router.php | Строка: 44
------------------
[2021-06-15 14:25:09] Текст ошибки: Страница не найдена |
        Файл: C:\Server\Domains\smartHouse\core\base\Router.php | Строка: 44
------------------
[2021-06-15 14:26:01] Текст ошибки: Страница не найдена |
        Файл: C:\Server\Domains\smartHouse\core\base\Router.php | Строка: 44
------------------
[2021-06-15 14:26:01] Текст ошибки: Страница не найдена |
        Файл: C:\Server\Domains\smartHouse\core\base\Router.php | Строка: 44
------------------
[2021-06-15 14:26:01] Текст ошибки: Страница не найдена |
        Файл: C:\Server\Domains\smartHouse\core\base\Router.php | Строка: 44
------------------
[2021-06-15 14:26:09] Текст ошибки: Страница не найдена |
        Файл: C:\Server\Domains\smartHouse\core\base\Router.php | Строка: 44
------------------
[2021-06-15 14:26:09] Текст ошибки: Страница не найдена |
        Файл: C:\Server\Domains\smartHouse\core\base\Router.php | Строка: 44
------------------
[2021-06-15 14:26:09] Текст ошибки: Страница не найдена |
        Файл: C:\Server\Domains\smartHouse\core\base\Router.php | Строка: 44
------------------
[2021-06-15 14:26:09] Текст ошибки: Страница не найдена |
        Файл: C:\Server\Domains\smartHouse\core\base\Router.php | Строка: 44
------------------
[2021-06-15 14:26:09] Текст ошибки: Страница не найдена |
        Файл: C:\Server\Domains\smartHouse\core\base\Router.php | Строка: 44
------------------
[2021-06-15 14:26:09] Текст ошибки: Страница не найдена |
        Файл: C:\Server\Domains\smartHouse\core\base\Router.php | Строка: 44
------------------
[2021-06-15 14:26:09] Текст ошибки: Страница не найдена |
        Файл: C:\Server\Domains\smartHouse\core\base\Router.php | Строка: 44
------------------
[2021-06-15 14:26:09] Текст ошибки: Страница не найдена |
        Файл: C:\Server\Domains\smartHouse\core\base\Router.php | Строка: 44
------------------
[2021-06-15 14:26:09] Текст ошибки: Страница не найдена |
        Файл: C:\Server\Domains\smartHouse\core\base\Router.php | Строка: 44
------------------
[2021-06-15 14:26:09] Текст ошибки: Страница не найдена |
        Файл: C:\Server\Domains\smartHouse\core\base\Router.php | Строка: 44
------------------
[2021-06-15 14:26:09] Текст ошибки: Страница не найдена |
        Файл: C:\Server\Domains\smartHouse\core\base\Router.php | Строка: 44
------------------
[2021-06-15 14:26:09] Текст ошибки: Страница не найдена |
        Файл: C:\Server\Domains\smartHouse\core\base\Router.php | Строка: 44
------------------
[2021-06-15 14:26:09] Текст ошибки: Страница не найдена |
        Файл: C:\Server\Domains\smartHouse\core\base\Router.php | Строка: 44
------------------
[2021-06-15 14:26:11] Текст ошибки: Страница не найдена |
        Файл: C:\Server\Domains\smartHouse\core\base\Router.php | Строка: 44
------------------
[2021-06-15 14:26:11] Текст ошибки: Страница не найдена |
        Файл: C:\Server\Domains\smartHouse\core\base\Router.php | Строка: 44
------------------
[2021-06-15 14:26:11] Текст ошибки: Страница не найдена |
        Файл: C:\Server\Domains\smartHouse\core\base\Router.php | Строка: 44
------------------
[2021-06-15 14:28:07] Текст ошибки: Страница не найдена |
        Файл: C:\Server\Domains\smartHouse\core\base\Router.php | Строка: 44
------------------
[2021-06-15 14:28:07] Текст ошибки: Страница не найдена |
        Файл: C:\Server\Domains\smartHouse\core\base\Router.php | Строка: 44
------------------
[2021-06-15 14:28:07] Текст ошибки: Страница не найдена |
        Файл: C:\Server\Domains\smartHouse\core\base\Router.php | Строка: 44
------------------
[2021-06-15 14:28:09] Текст ошибки: Страница не найдена |
        Файл: C:\Server\Domains\smartHouse\core\base\Router.php | Строка: 44
------------------
[2021-06-15 14:28:09] Текст ошибки: Страница не найдена |
        Файл: C:\Server\Domains\smartHouse\core\base\Router.php | Строка: 44
------------------
[2021-06-15 14:28:09] Текст ошибки: Страница не найдена |
        Файл: C:\Server\Domains\smartHouse\core\base\Router.php | Строка: 44
------------------
[2021-06-15 14:29:04] Текст ошибки: Страница не найдена |
        Файл: C:\Server\Domains\smartHouse\core\base\Router.php | Строка: 44
------------------
[2021-06-15 14:29:06] Текст ошибки: Страница не найдена |
        Файл: C:\Server\Domains\smartHouse\core\base\Router.php | Строка: 44
------------------
[2021-06-15 14:29:06] Текст ошибки: Страница не найдена |
        Файл: C:\Server\Domains\smartHouse\core\base\Router.php | Строка: 44
------------------
[2021-06-15 14:29:06] Текст ошибки: Страница не найдена |
        Файл: C:\Server\Domains\smartHouse\core\base\Router.php | Строка: 44
------------------
[2021-06-15 14:29:11] Текст ошибки: Страница не найдена |
        Файл: C:\Server\Domains\smartHouse\core\base\Router.php | Строка: 44
------------------
[2021-06-15 14:29:16] Текст ошибки: Страница не найдена |
        Файл: C:\Server\Domains\smartHouse\core\base\Router.php | Строка: 44
------------------
[2021-06-15 14:29:16] Текст ошибки: Страница не найдена |
        Файл: C:\Server\Domains\smartHouse\core\base\Router.php | Строка: 44
------------------
[2021-06-15 14:29:16] Текст ошибки: Страница не найдена |
        Файл: C:\Server\Domains\smartHouse\core\base\Router.php | Строка: 44
------------------
[2021-06-15 14:29:16] Текст ошибки: Страница не найдена |
        Файл: C:\Server\Domains\smartHouse\core\base\Router.php | Строка: 44
------------------
[2021-06-15 14:29:16] Текст ошибки: Страница не найдена |
        Файл: C:\Server\Domains\smartHouse\core\base\Router.php | Строка: 44
------------------
[2021-06-15 14:29:16] Текст ошибки: Страница не найдена |
        Файл: C:\Server\Domains\smartHouse\core\base\Router.php | Строка: 44
------------------
[2021-06-15 14:30:11] Текст ошибки: Страница не найдена |
        Файл: C:\Server\Domains\smartHouse\core\base\Router.php | Строка: 44
------------------
[2021-06-15 14:30:14] Текст ошибки: Страница не найдена |
        Файл: C:\Server\Domains\smartHouse\core\base\Router.php | Строка: 44
------------------
[2021-06-15 14:30:14] Текст ошибки: Страница не найдена |
        Файл: C:\Server\Domains\smartHouse\core\base\Router.php | Строка: 44
------------------
[2021-06-15 14:30:14] Текст ошибки: Страница не найдена |
        Файл: C:\Server\Domains\smartHouse\core\base\Router.php | Строка: 44
------------------
[2021-06-15 14:30:14] Текст ошибки: Страница не найдена |
        Файл: C:\Server\Domains\smartHouse\core\base\Router.php | Строка: 44
------------------
[2021-06-15 14:30:14] Текст ошибки: Страница не найдена |
        Файл: C:\Server\Domains\smartHouse\core\base\Router.php | Строка: 44
------------------
[2021-06-15 14:30:14] Текст ошибки: Страница не найдена |
        Файл: C:\Server\Domains\smartHouse\core\base\Router.php | Строка: 44
------------------
[2021-06-15 14:30:16] Текст ошибки: Страница не найдена |
        Файл: C:\Server\Domains\smartHouse\core\base\Router.php | Строка: 44
------------------
[2021-06-15 14:30:20] Текст ошибки: Страница не найдена |
        Файл: C:\Server\Domains\smartHouse\core\base\Router.php | Строка: 44
------------------
[2021-06-15 14:30:20] Текст ошибки: Страница не найдена |
        Файл: C:\Server\Domains\smartHouse\core\base\Router.php | Строка: 44
------------------
[2021-06-15 14:30:20] Текст ошибки: Страница не найдена |
        Файл: C:\Server\Domains\smartHouse\core\base\Router.php | Строка: 44
------------------
[2021-06-15 14:30:20] Текст ошибки: Страница не найдена |
        Файл: C:\Server\Domains\smartHouse\core\base\Router.php | Строка: 44
------------------
[2021-06-15 14:30:20] Текст ошибки: Страница не найдена |
        Файл: C:\Server\Domains\smartHouse\core\base\Router.php | Строка: 44
------------------
[2021-06-15 14:30:20] Текст ошибки: Страница не найдена |
        Файл: C:\Server\Domains\smartHouse\core\base\Router.php | Строка: 44
------------------
[2021-06-15 14:33:02] Текст ошибки: Страница не найдена |
        Файл: C:\Server\Domains\smartHouse\core\base\Router.php | Строка: 44
------------------
[2021-06-15 14:33:06] Текст ошибки: Страница не найдена |
        Файл: C:\Server\Domains\smartHouse\core\base\Router.php | Строка: 44
------------------
[2021-06-15 14:33:06] Текст ошибки: Страница не найдена |
        Файл: C:\Server\Domains\smartHouse\core\base\Router.php | Строка: 44
------------------
[2021-06-15 14:33:06] Текст ошибки: Страница не найдена |
        Файл: C:\Server\Domains\smartHouse\core\base\Router.php | Строка: 44
------------------
[2021-06-15 14:33:06] Текст ошибки: Страница не найдена |
        Файл: C:\Server\Domains\smartHouse\core\base\Router.php | Строка: 44
------------------
[2021-06-15 14:33:06] Текст ошибки: Страница не найдена |
        Файл: C:\Server\Domains\smartHouse\core\base\Router.php | Строка: 44
------------------
[2021-06-15 14:33:06] Текст ошибки: Страница не найдена |
        Файл: C:\Server\Domains\smartHouse\core\base\Router.php | Строка: 44
------------------
[2021-06-15 14:33:12] Текст ошибки: Страница не найдена |
        Файл: C:\Server\Domains\smartHouse\core\base\Router.php | Строка: 44
------------------
[2021-06-15 14:33:12] Текст ошибки: Страница не найдена |
        Файл: C:\Server\Domains\smartHouse\core\base\Router.php | Строка: 44
------------------
[2021-06-15 14:33:12] Текст ошибки: Страница не найдена |
        Файл: C:\Server\Domains\smartHouse\core\base\Router.php | Строка: 44
------------------
[2021-06-15 14:33:12] Текст ошибки: Страница не найдена |
        Файл: C:\Server\Domains\smartHouse\core\base\Router.php | Строка: 44
------------------
[2021-06-15 14:33:12] Текст ошибки: Страница не найдена |
        Файл: C:\Server\Domains\smartHouse\core\base\Router.php | Строка: 44
------------------
[2021-06-15 14:33:12] Текст ошибки: Страница не найдена |
        Файл: C:\Server\Domains\smartHouse\core\base\Router.php | Строка: 44
------------------
[2021-06-15 14:36:36] Текст ошибки: Страница не найдена |
        Файл: C:\Server\Domains\smartHouse\core\base\Router.php | Строка: 44
------------------
[2021-06-15 14:36:36] Текст ошибки: Страница не найдена |
        Файл: C:\Server\Domains\smartHouse\core\base\Router.php | Строка: 44
------------------
[2021-06-15 14:36:36] Текст ошибки: Страница не найдена |
        Файл: C:\Server\Domains\smartHouse\core\base\Router.php | Строка: 44
------------------
[2021-06-15 14:36:36] Текст ошибки: Страница не найдена |
        Файл: C:\Server\Domains\smartHouse\core\base\Router.php | Строка: 44
------------------
[2021-06-15 14:36:36] Текст ошибки: Страница не найдена |
        Файл: C:\Server\Domains\smartHouse\core\base\Router.php | Строка: 44
------------------
[2021-06-15 14:36:36] Текст ошибки: Страница не найдена |
        Файл: C:\Server\Domains\smartHouse\core\base\Router.php | Строка: 44
------------------
[2021-06-15 14:36:38] Текст ошибки: Страница не найдена |
        Файл: C:\Server\Domains\smartHouse\core\base\Router.php | Строка: 44
------------------
[2021-06-15 14:36:38] Текст ошибки: Страница не найдена |
        Файл: C:\Server\Domains\smartHouse\core\base\Router.php | Строка: 44
------------------
[2021-06-15 14:36:38] Текст ошибки: Страница не найдена |
        Файл: C:\Server\Domains\smartHouse\core\base\Router.php | Строка: 44
------------------
[2021-06-15 14:37:05] Текст ошибки: Страница не найдена |
        Файл: C:\Server\Domains\smartHouse\core\base\Router.php | Строка: 44
------------------
[2021-06-15 14:37:05] Текст ошибки: Страница не найдена |
        Файл: C:\Server\Domains\smartHouse\core\base\Router.php | Строка: 44
------------------
[2021-06-15 14:37:05] Текст ошибки: Страница не найдена |
        Файл: C:\Server\Domains\smartHouse\core\base\Router.php | Строка: 44
------------------
[2021-06-15 14:37:06] Текст ошибки: Страница не найдена |
        Файл: C:\Server\Domains\smartHouse\core\base\Router.php | Строка: 44
------------------
[2021-06-15 14:37:06] Текст ошибки: Страница не найдена |
        Файл: C:\Server\Domains\smartHouse\core\base\Router.php | Строка: 44
------------------
[2021-06-15 14:37:06] Текст ошибки: Страница не найдена |
        Файл: C:\Server\Domains\smartHouse\core\base\Router.php | Строка: 44
------------------
[2021-06-15 14:37:06] Текст ошибки: Страница не найдена |
        Файл: C:\Server\Domains\smartHouse\core\base\Router.php | Строка: 44
------------------
[2021-06-15 14:37:07] Текст ошибки: Страница не найдена |
        Файл: C:\Server\Domains\smartHouse\core\base\Router.php | Строка: 44
------------------
[2021-06-15 14:37:07] Текст ошибки: Страница не найдена |
        Файл: C:\Server\Domains\smartHouse\core\base\Router.php | Строка: 44
------------------
[2021-06-15 14:37:07] Текст ошибки: Страница не найдена |
        Файл: C:\Server\Domains\smartHouse\core\base\Router.php | Строка: 44
------------------
[2021-06-15 14:37:07] Текст ошибки: Страница не найдена |
        Файл: C:\Server\Domains\smartHouse\core\base\Router.php | Строка: 44
------------------
[2021-06-15 14:37:07] Текст ошибки: Страница не найдена |
        Файл: C:\Server\Domains\smartHouse\core\base\Router.php | Строка: 44
------------------
[2021-06-15 14:37:08] Текст ошибки: Страница не найдена |
        Файл: C:\Server\Domains\smartHouse\core\base\Router.php | Строка: 44
------------------
[2021-06-15 14:37:08] Текст ошибки: Страница не найдена |
        Файл: C:\Server\Domains\smartHouse\core\base\Router.php | Строка: 44
------------------
[2021-06-15 14:37:08] Текст ошибки: Страница не найдена |
        Файл: C:\Server\Domains\smartHouse\core\base\Router.php | Строка: 44
------------------
[2021-06-15 14:37:08] Текст ошибки: Страница не найдена |
        Файл: C:\Server\Domains\smartHouse\core\base\Router.php | Строка: 44
------------------
[2021-06-15 14:37:08] Текст ошибки: Страница не найдена |
        Файл: C:\Server\Domains\smartHouse\core\base\Router.php | Строка: 44
------------------
[2021-06-15 14:39:17] Текст ошибки: Страница не найдена |
        Файл: C:\Server\Domains\smartHouse\core\base\Router.php | Строка: 44
------------------
[2021-06-15 14:39:17] Текст ошибки: Страница не найдена |
        Файл: C:\Server\Domains\smartHouse\core\base\Router.php | Строка: 44
------------------
[2021-06-15 14:39:17] Текст ошибки: Страница не найдена |
        Файл: C:\Server\Domains\smartHouse\core\base\Router.php | Строка: 44
------------------
[2021-06-15 14:39:18] Текст ошибки: Страница не найдена |
        Файл: C:\Server\Domains\smartHouse\core\base\Router.php | Строка: 44
------------------
[2021-06-15 14:39:18] Текст ошибки: Страница не найдена |
        Файл: C:\Server\Domains\smartHouse\core\base\Router.php | Строка: 44
------------------
[2021-06-15 14:39:18] Текст ошибки: Страница не найдена |
        Файл: C:\Server\Domains\smartHouse\core\base\Router.php | Строка: 44
------------------
[2021-06-15 14:39:18] Текст ошибки: Страница не найдена |
        Файл: C:\Server\Domains\smartHouse\core\base\Router.php | Строка: 44
------------------
[2021-06-15 14:39:18] Текст ошибки: Страница не найдена |
        Файл: C:\Server\Domains\smartHouse\core\base\Router.php | Строка: 44
------------------
[2021-06-15 14:39:18] Текст ошибки: Страница не найдена |
        Файл: C:\Server\Domains\smartHouse\core\base\Router.php | Строка: 44
------------------
[2021-06-15 14:39:18] Текст ошибки: Страница не найдена |
        Файл: C:\Server\Domains\smartHouse\core\base\Router.php | Строка: 44
------------------
[2021-06-15 14:39:18] Текст ошибки: Страница не найдена |
        Файл: C:\Server\Domains\smartHouse\core\base\Router.php | Строка: 44
------------------
[2021-06-15 14:39:19] Текст ошибки: Страница не найдена |
        Файл: C:\Server\Domains\smartHouse\core\base\Router.php | Строка: 44
------------------
[2021-06-15 14:39:19] Текст ошибки: Страница не найдена |
        Файл: C:\Server\Domains\smartHouse\core\base\Router.php | Строка: 44
------------------
[2021-06-15 14:39:24] Текст ошибки: Страница не найдена |
        Файл: C:\Server\Domains\smartHouse\core\base\Router.php | Строка: 44
------------------
[2021-06-15 14:39:24] Текст ошибки: Страница не найдена |
        Файл: C:\Server\Domains\smartHouse\core\base\Router.php | Строка: 44
------------------
[2021-06-15 14:39:24] Текст ошибки: Страница не найдена |
        Файл: C:\Server\Domains\smartHouse\core\base\Router.php | Строка: 44
------------------
[2021-06-15 14:39:24] Текст ошибки: Страница не найдена |
        Файл: C:\Server\Domains\smartHouse\core\base\Router.php | Строка: 44
------------------
[2021-06-15 14:39:24] Текст ошибки: Страница не найдена |
        Файл: C:\Server\Domains\smartHouse\core\base\Router.php | Строка: 44
------------------
[2021-06-15 14:39:24] Текст ошибки: Страница не найдена |
        Файл: C:\Server\Domains\smartHouse\core\base\Router.php | Строка: 44
------------------
[2021-06-15 14:39:24] Текст ошибки: Страница не найдена |
        Файл: C:\Server\Domains\smartHouse\core\base\Router.php | Строка: 44
------------------
[2021-06-15 14:39:39] Текст ошибки: Страница не найдена |
        Файл: C:\Server\Domains\smartHouse\core\base\Router.php | Строка: 44
------------------
[2021-06-15 14:39:39] Текст ошибки: Страница не найдена |
        Файл: C:\Server\Domains\smartHouse\core\base\Router.php | Строка: 44
------------------
[2021-06-15 14:39:39] Текст ошибки: Страница не найдена |
        Файл: C:\Server\Domains\smartHouse\core\base\Router.php | Строка: 44
------------------
[2021-06-15 14:39:43] Текст ошибки: Страница не найдена |
        Файл: C:\Server\Domains\smartHouse\core\base\Router.php | Строка: 44
------------------
[2021-06-15 14:39:43] Текст ошибки: Страница не найдена |
        Файл: C:\Server\Domains\smartHouse\core\base\Router.php | Строка: 44
------------------
[2021-06-15 14:39:43] Текст ошибки: Страница не найдена |
        Файл: C:\Server\Domains\smartHouse\core\base\Router.php | Строка: 44
------------------
[2021-06-15 14:39:44] Текст ошибки: Страница не найдена |
        Файл: C:\Server\Domains\smartHouse\core\base\Router.php | Строка: 44
------------------
[2021-06-15 14:39:44] Текст ошибки: Страница не найдена |
        Файл: C:\Server\Domains\smartHouse\core\base\Router.php | Строка: 44
------------------
[2021-06-15 14:39:44] Текст ошибки: Страница не найдена |
        Файл: C:\Server\Domains\smartHouse\core\base\Router.php | Строка: 44
------------------
[2021-06-15 14:39:44] Текст ошибки: Страница не найдена |
        Файл: C:\Server\Domains\smartHouse\core\base\Router.php | Строка: 44
------------------
[2021-06-15 14:40:14] Текст ошибки: Страница не найдена |
        Файл: C:\Server\Domains\smartHouse\core\base\Router.php | Строка: 44
------------------
[2021-06-15 14:40:14] Текст ошибки: Страница не найдена |
        Файл: C:\Server\Domains\smartHouse\core\base\Router.php | Строка: 44
------------------
[2021-06-15 14:40:14] Текст ошибки: Страница не найдена |
        Файл: C:\Server\Domains\smartHouse\core\base\Router.php | Строка: 44
------------------
[2021-06-15 14:40:23] Текст ошибки: Страница не найдена |
        Файл: C:\Server\Domains\smartHouse\core\base\Router.php | Строка: 44
------------------
[2021-06-15 14:40:23] Текст ошибки: Страница не найдена |
        Файл: C:\Server\Domains\smartHouse\core\base\Router.php | Строка: 44
------------------
[2021-06-15 14:40:23] Текст ошибки: Страница не найдена |
        Файл: C:\Server\Domains\smartHouse\core\base\Router.php | Строка: 44
------------------
[2021-06-15 14:40:31] Текст ошибки: Страница не найдена |
        Файл: C:\Server\Domains\smartHouse\core\base\Router.php | Строка: 44
------------------
[2021-06-15 14:40:31] Текст ошибки: Страница не найдена |
        Файл: C:\Server\Domains\smartHouse\core\base\Router.php | Строка: 44
------------------
[2021-06-15 14:40:31] Текст ошибки: Страница не найдена |
        Файл: C:\Server\Domains\smartHouse\core\base\Router.php | Строка: 44
------------------
[2021-06-15 14:40:31] Текст ошибки: Страница не найдена |
        Файл: C:\Server\Domains\smartHouse\core\base\Router.php | Строка: 44
------------------
[2021-06-15 14:40:31] Текст ошибки: Страница не найдена |
        Файл: C:\Server\Domains\smartHouse\core\base\Router.php | Строка: 44
------------------
[2021-06-15 14:40:31] Текст ошибки: Страница не найдена |
        Файл: C:\Server\Domains\smartHouse\core\base\Router.php | Строка: 44
------------------
[2021-06-15 14:40:31] Текст ошибки: Страница не найдена |
        Файл: C:\Server\Domains\smartHouse\core\base\Router.php | Строка: 44
------------------
[2021-06-15 14:40:34] Текст ошибки: Страница не найдена |
        Файл: C:\Server\Domains\smartHouse\core\base\Router.php | Строка: 44
------------------
[2021-06-15 14:40:37] Текст ошибки: Страница не найдена |
        Файл: C:\Server\Domains\smartHouse\core\base\Router.php | Строка: 44
------------------
[2021-06-15 14:40:37] Текст ошибки: Страница не найдена |
        Файл: C:\Server\Domains\smartHouse\core\base\Router.php | Строка: 44
------------------
[2021-06-15 14:40:37] Текст ошибки: Страница не найдена |
        Файл: C:\Server\Domains\smartHouse\core\base\Router.php | Строка: 44
------------------
[2021-06-15 14:41:56] Текст ошибки: Страница не найдена |
        Файл: C:\Server\Domains\smartHouse\core\base\Router.php | Строка: 44
------------------
[2021-06-15 14:41:56] Текст ошибки: Страница не найдена |
        Файл: C:\Server\Domains\smartHouse\core\base\Router.php | Строка: 44
------------------
[2021-06-15 14:41:56] Текст ошибки: Страница не найдена |
        Файл: C:\Server\Domains\smartHouse\core\base\Router.php | Строка: 44
------------------
[2021-06-15 14:41:59] Текст ошибки: Страница не найдена |
        Файл: C:\Server\Domains\smartHouse\core\base\Router.php | Строка: 44
------------------
[2021-06-15 14:41:59] Текст ошибки: Страница не найдена |
        Файл: C:\Server\Domains\smartHouse\core\base\Router.php | Строка: 44
------------------
[2021-06-15 14:41:59] Текст ошибки: Страница не найдена |
        Файл: C:\Server\Domains\smartHouse\core\base\Router.php | Строка: 44
------------------
[2021-06-15 14:42:12] Текст ошибки: Страница не найдена |
        Файл: C:\Server\Domains\smartHouse\core\base\Router.php | Строка: 44
------------------
[2021-06-15 14:42:16] Текст ошибки: Страница не найдена |
        Файл: C:\Server\Domains\smartHouse\core\base\Router.php | Строка: 44
------------------
[2021-06-15 14:42:16] Текст ошибки: Страница не найдена |
        Файл: C:\Server\Domains\smartHouse\core\base\Router.php | Строка: 44
------------------
[2021-06-15 14:42:16] Текст ошибки: Страница не найдена |
        Файл: C:\Server\Domains\smartHouse\core\base\Router.php | Строка: 44
------------------
[2021-06-15 14:42:16] Текст ошибки: Страница не найдена |
        Файл: C:\Server\Domains\smartHouse\core\base\Router.php | Строка: 44
------------------
[2021-06-15 14:42:16] Текст ошибки: Страница не найдена |
        Файл: C:\Server\Domains\smartHouse\core\base\Router.php | Строка: 44
------------------
[2021-06-15 14:43:10] Текст ошибки: Страница не найдена |
        Файл: C:\Server\Domains\smartHouse\core\base\Router.php | Строка: 44
------------------
[2021-06-15 14:43:10] Текст ошибки: Страница не найдена |
        Файл: C:\Server\Domains\smartHouse\core\base\Router.php | Строка: 44
------------------
[2021-06-15 14:43:10] Текст ошибки: Страница не найдена |
        Файл: C:\Server\Domains\smartHouse\core\base\Router.php | Строка: 44
------------------
[2021-06-15 14:43:11] Текст ошибки: Страница не найдена |
        Файл: C:\Server\Domains\smartHouse\core\base\Router.php | Строка: 44
------------------
[2021-06-15 14:43:11] Текст ошибки: Страница не найдена |
        Файл: C:\Server\Domains\smartHouse\core\base\Router.php | Строка: 44
------------------
[2021-06-15 14:43:11] Текст ошибки: Страница не найдена |
        Файл: C:\Server\Domains\smartHouse\core\base\Router.php | Строка: 44
------------------
[2021-06-15 14:43:11] Текст ошибки: Страница не найдена |
        Файл: C:\Server\Domains\smartHouse\core\base\Router.php | Строка: 44
------------------
[2021-06-15 14:43:36] Текст ошибки: Страница не найдена |
        Файл: C:\Server\Domains\smartHouse\core\base\Router.php | Строка: 44
------------------
[2021-06-15 14:43:36] Текст ошибки: Страница не найдена |
        Файл: C:\Server\Domains\smartHouse\core\base\Router.php | Строка: 44
------------------
[2021-06-15 14:43:36] Текст ошибки: Страница не найдена |
        Файл: C:\Server\Domains\smartHouse\core\base\Router.php | Строка: 44
------------------
[2021-06-15 14:43:43] Текст ошибки: Страница не найдена |
        Файл: C:\Server\Domains\smartHouse\core\base\Router.php | Строка: 44
------------------
[2021-06-15 14:43:43] Текст ошибки: Страница не найдена |
        Файл: C:\Server\Domains\smartHouse\core\base\Router.php | Строка: 44
------------------
[2021-06-15 14:43:43] Текст ошибки: Страница не найдена |
        Файл: C:\Server\Domains\smartHouse\core\base\Router.php | Строка: 44
------------------
[2021-06-15 14:44:04] Текст ошибки: Страница не найдена |
        Файл: C:\Server\Domains\smartHouse\core\base\Router.php | Строка: 44
------------------
[2021-06-15 14:44:04] Текст ошибки: Страница не найдена |
        Файл: C:\Server\Domains\smartHouse\core\base\Router.php | Строка: 44
------------------
[2021-06-15 14:44:51] Текст ошибки: Страница не найдена |
        Файл: C:\Server\Domains\smartHouse\core\base\Router.php | Строка: 44
------------------
[2021-06-15 14:44:51] Текст ошибки: Страница не найдена |
        Файл: C:\Server\Domains\smartHouse\core\base\Router.php | Строка: 44
------------------
[2021-06-15 14:44:51] Текст ошибки: Страница не найдена |
        Файл: C:\Server\Domains\smartHouse\core\base\Router.php | Строка: 44
------------------
[2021-06-15 14:44:51] Текст ошибки: Страница не найдена |
        Файл: C:\Server\Domains\smartHouse\core\base\Router.php | Строка: 44
------------------
[2021-06-15 14:44:51] Текст ошибки: Страница не найдена |
        Файл: C:\Server\Domains\smartHouse\core\base\Router.php | Строка: 44
------------------
[2021-06-15 14:44:51] Текст ошибки: Страница не найдена |
        Файл: C:\Server\Domains\smartHouse\core\base\Router.php | Строка: 44
------------------
[2021-06-15 14:50:06] Текст ошибки: Не найден шаблон C:\Server\Domains\smartHouse/app/views/layouts |
        Файл: C:\Server\Domains\smartHouse\core\base\View.php | Строка: 45
------------------
[2021-06-15 14:51:13] Текст ошибки: Не найден шаблон C:\Server\Domains\smartHouse/app/views/layouts |
        Файл: C:\Server\Domains\smartHouse\core\base\View.php | Строка: 45
------------------
[2021-06-15 14:52:10] Текст ошибки: Не найден шаблон C:\Server\Domains\smartHouse/app/views/layouts |
        Файл: C:\Server\Domains\smartHouse\core\base\View.php | Строка: 45
------------------
[2021-06-15 14:52:11] Текст ошибки: Не найден шаблон C:\Server\Domains\smartHouse/app/views/layouts |
        Файл: C:\Server\Domains\smartHouse\core\base\View.php | Строка: 45
------------------
[2021-06-15 14:52:53] Текст ошибки: Не найден шаблон C:\Server\Domains\smartHouse/app/views/layouts |
        Файл: C:\Server\Domains\smartHouse\core\base\View.php | Строка: 45
------------------
[2021-06-15 14:52:54] Текст ошибки: Не найден шаблон C:\Server\Domains\smartHouse/app/views/layouts |
        Файл: C:\Server\Domains\smartHouse\core\base\View.php | Строка: 45
------------------
[2021-06-15 14:53:31] Текст ошибки: Не найден шаблон C:\Server\Domains\smartHouse/app/views/layouts |
        Файл: C:\Server\Domains\smartHouse\core\base\View.php | Строка: 45
------------------
[2021-06-15 14:53:32] Текст ошибки: Не найден шаблон C:\Server\Domains\smartHouse/app/views/layouts |
        Файл: C:\Server\Domains\smartHouse\core\base\View.php | Строка: 45
------------------
[2021-06-15 14:54:07] Текст ошибки: Страница не найдена |
        Файл: C:\Server\Domains\smartHouse\core\base\Router.php | Строка: 44
------------------
[2021-06-15 14:54:07] Текст ошибки: Страница не найдена |
        Файл: C:\Server\Domains\smartHouse\core\base\Router.php | Строка: 44
------------------
[2021-06-15 14:54:07] Текст ошибки: Страница не найдена |
        Файл: C:\Server\Domains\smartHouse\core\base\Router.php | Строка: 44
------------------
[2021-06-15 14:54:07] Текст ошибки: Страница не найдена |
        Файл: C:\Server\Domains\smartHouse\core\base\Router.php | Строка: 44
------------------
[2021-06-15 14:54:07] Текст ошибки: Страница не найдена |
        Файл: C:\Server\Domains\smartHouse\core\base\Router.php | Строка: 44
------------------
[2021-06-15 14:54:07] Текст ошибки: Страница не найдена |
        Файл: C:\Server\Domains\smartHouse\core\base\Router.php | Строка: 44
------------------
[2021-06-15 14:54:47] Текст ошибки: Не найден шаблон C:\Server\Domains\smartHouse |
        Файл: C:\Server\Domains\smartHouse\core\base\View.php | Строка: 45
------------------
[2021-06-15 14:55:27] Текст ошибки: Не найден шаблон C:\Server\Domains\smartHouse/app |
        Файл: C:\Server\Domains\smartHouse\core\base\View.php | Строка: 45
------------------
[2021-06-15 14:56:10] Текст ошибки: Страница не найдена |
        Файл: C:\Server\Domains\smartHouse\core\base\Router.php | Строка: 44
------------------
[2021-06-15 14:56:10] Текст ошибки: Страница не найдена |
        Файл: C:\Server\Domains\smartHouse\core\base\Router.php | Строка: 44
------------------
[2021-06-15 14:56:10] Текст ошибки: Страница не найдена |
        Файл: C:\Server\Domains\smartHouse\core\base\Router.php | Строка: 44
------------------
[2021-06-15 14:56:10] Текст ошибки: Страница не найдена |
        Файл: C:\Server\Domains\smartHouse\core\base\Router.php | Строка: 44
------------------
[2021-06-15 14:56:10] Текст ошибки: Страница не найдена |
        Файл: C:\Server\Domains\smartHouse\core\base\Router.php | Строка: 44
------------------
[2021-06-15 14:57:10] Текст ошибки: Страница не найдена |
        Файл: C:\Server\Domains\smartHouse\core\base\Router.php | Строка: 44
------------------
[2021-06-15 14:57:10] Текст ошибки: Страница не найдена |
        Файл: C:\Server\Domains\smartHouse\core\base\Router.php | Строка: 44
------------------
[2021-06-15 14:57:10] Текст ошибки: Страница не найдена |
        Файл: C:\Server\Domains\smartHouse\core\base\Router.php | Строка: 44
------------------
[2021-06-15 14:57:10] Текст ошибки: Страница не найдена |
        Файл: C:\Server\Domains\smartHouse\core\base\Router.php | Строка: 44
------------------
[2021-06-15 14:57:10] Текст ошибки: Страница не найдена |
        Файл: C:\Server\Domains\smartHouse\core\base\Router.php | Строка: 44
------------------
[2021-06-15 14:57:10] Текст ошибки: Страница не найдена |
        Файл: C:\Server\Domains\smartHouse\core\base\Router.php | Строка: 44
------------------
[2021-06-15 14:58:14] Текст ошибки: Страница не найдена |
        Файл: C:\Server\Domains\smartHouse\core\base\Router.php | Строка: 44
------------------
[2021-06-15 14:58:14] Текст ошибки: Страница не найдена |
        Файл: C:\Server\Domains\smartHouse\core\base\Router.php | Строка: 44
------------------
[2021-06-15 14:58:14] Текст ошибки: Страница не найдена |
        Файл: C:\Server\Domains\smartHouse\core\base\Router.php | Строка: 44
------------------
[2021-06-15 14:58:14] Текст ошибки: Страница не найдена |
        Файл: C:\Server\Domains\smartHouse\core\base\Router.php | Строка: 44
------------------
[2021-06-15 14:58:14] Текст ошибки: Страница не найдена |
        Файл: C:\Server\Domains\smartHouse\core\base\Router.php | Строка: 44
------------------
[2021-06-15 14:58:14] Текст ошибки: Страница не найдена |
        Файл: C:\Server\Domains\smartHouse\core\base\Router.php | Строка: 44
------------------
[2021-06-15 14:59:17] Текст ошибки: Страница не найдена |
        Файл: C:\Server\Domains\smartHouse\core\base\Router.php | Строка: 44
------------------
[2021-06-15 14:59:17] Текст ошибки: Страница не найдена |
        Файл: C:\Server\Domains\smartHouse\core\base\Router.php | Строка: 44
------------------
[2021-06-15 14:59:17] Текст ошибки: Страница не найдена |
        Файл: C:\Server\Domains\smartHouse\core\base\Router.php | Строка: 44
------------------
[2021-06-15 14:59:17] Текст ошибки: Страница не найдена |
        Файл: C:\Server\Domains\smartHouse\core\base\Router.php | Строка: 44
------------------
[2021-06-15 15:00:43] Текст ошибки: Undefined constant "www" |
        Файл: C:\Server\Domains\smartHouse\app\views\layouts\smarthouse.php | Строка: 8
------------------
[2021-06-15 22:19:28] Текст ошибки: Undefined constant "www" |
        Файл: C:\Server\Domains\smartHouse\app\views\layouts\smarthouse.php | Строка: 8
------------------
[2021-06-15 22:19:28] Текст ошибки: Undefined constant "www" |
        Файл: C:\Server\Domains\smartHouse\app\views\layouts\smarthouse.php | Строка: 8
------------------
[2021-06-15 23:22:06] Текст ошибки: Undefined constant "www" |
        Файл: C:\Server\Domains\smartHouse\app\views\layouts\smarthouse.php | Строка: 8
------------------
[2021-06-15 23:22:06] Текст ошибки: Undefined constant "www" |
        Файл: C:\Server\Domains\smartHouse\app\views\layouts\smarthouse.php | Строка: 8
------------------
