[Tue Jun 01 22:13:24.407859 2021] [php:error] [pid 224:tid 1100] [client 127.0.0.1:50291] PHP Fatal error:  Uncaught Error: Undefined constant "ROOT" in C:\\Server\\Domains\\smart_house\\config\\init.php:3\nStack trace:\n#0 C:\\Server\\Domains\\smart_house\\index.php(3): include_once()\n#1 {main}\n  thrown in C:\\Server\\Domains\\smart_house\\config\\init.php on line 3
[Tue Jun 01 22:18:11.863184 2021] [php:error] [pid 224:tid 1088] [client 127.0.0.1:50297] PHP Fatal error:  Uncaught Error: Undefined constant "Root" in C:\\Server\\Domains\\smart_house\\config\\init.php:3\nStack trace:\n#0 C:\\Server\\Domains\\smart_house\\index.php(3): include_once()\n#1 {main}\n  thrown in C:\\Server\\Domains\\smart_house\\config\\init.php on line 3
[Tue Jun 01 22:48:05.006797 2021] [php:warn] [pid 224:tid 1092] [client 127.0.0.1:50399] PHP Warning:  include_once(C:\\Server\\Domainsconfig/init.php): Failed to open stream: No such file or directory in C:\\Server\\Domains\\smart_house\\index.php on line 3
[Tue Jun 01 22:48:05.014789 2021] [php:warn] [pid 224:tid 1092] [client 127.0.0.1:50399] PHP Warning:  include_once(): Failed opening 'C:\\Server\\Domainsconfig/init.php' for inclusion (include_path='.;C:\\php\\pear') in C:\\Server\\Domains\\smart_house\\index.php on line 3
[Tue Jun 01 22:48:24.339528 2021] [php:warn] [pid 224:tid 1100] [client 127.0.0.1:50400] PHP Warning:  include_once(C:\\Server\\Domains/config/init.php): Failed to open stream: No such file or directory in C:\\Server\\Domains\\smart_house\\index.php on line 3
[Tue Jun 01 22:48:24.339528 2021] [php:warn] [pid 224:tid 1100] [client 127.0.0.1:50400] PHP Warning:  include_once(): Failed opening 'C:\\Server\\Domains/config/init.php' for inclusion (include_path='.;C:\\php\\pear') in C:\\Server\\Domains\\smart_house\\index.php on line 3
[Tue Jun 01 22:52:17.142470 2021] [php:warn] [pid 224:tid 1092] [client 127.0.0.1:50411] PHP Warning:  include_once(C:\\Server\\Domains/config/init.php): Failed to open stream: No such file or directory in C:\\Server\\Domains\\smart_house\\index.php on line 3
[Tue Jun 01 22:52:17.142470 2021] [php:warn] [pid 224:tid 1092] [client 127.0.0.1:50411] PHP Warning:  include_once(): Failed opening 'C:\\Server\\Domains/config/init.php' for inclusion (include_path='.;C:\\php\\pear') in C:\\Server\\Domains\\smart_house\\index.php on line 3
[Tue Jun 01 22:52:49.031826 2021] [php:warn] [pid 224:tid 1100] [client 127.0.0.1:50412] PHP Warning:  include_once(C:\\Server\\Domains\\config\\init.php): Failed to open stream: No such file or directory in C:\\Server\\Domains\\smart_house\\index.php on line 3
[Tue Jun 01 22:52:49.031826 2021] [php:warn] [pid 224:tid 1100] [client 127.0.0.1:50412] PHP Warning:  include_once(): Failed opening 'C:\\Server\\Domains\\config\\init.php' for inclusion (include_path='.;C:\\php\\pear') in C:\\Server\\Domains\\smart_house\\index.php on line 3
[Tue Jun 01 22:53:34.684679 2021] [php:warn] [pid 224:tid 1092] [client 127.0.0.1:50413] PHP Warning:  include_once(C:\\Server\\Domains): Failed to open stream: Permission denied in C:\\Server\\Domains\\smart_house\\index.php on line 3
[Tue Jun 01 22:53:34.684679 2021] [php:warn] [pid 224:tid 1092] [client 127.0.0.1:50413] PHP Warning:  include_once(): Failed opening 'C:\\Server\\Domains' for inclusion (include_path='.;C:\\php\\pear') in C:\\Server\\Domains\\smart_house\\index.php on line 3
[Tue Jun 01 22:53:35.912247 2021] [php:warn] [pid 224:tid 1092] [client 127.0.0.1:50413] PHP Warning:  include_once(C:\\Server\\Domains): Failed to open stream: Permission denied in C:\\Server\\Domains\\smart_house\\index.php on line 3
[Tue Jun 01 22:53:35.912247 2021] [php:warn] [pid 224:tid 1092] [client 127.0.0.1:50413] PHP Warning:  include_once(): Failed opening 'C:\\Server\\Domains' for inclusion (include_path='.;C:\\php\\pear') in C:\\Server\\Domains\\smart_house\\index.php on line 3
[Tue Jun 01 22:53:37.583915 2021] [php:warn] [pid 224:tid 1092] [client 127.0.0.1:50413] PHP Warning:  include_once(C:\\Server\\Domains): Failed to open stream: Permission denied in C:\\Server\\Domains\\smart_house\\index.php on line 3
[Tue Jun 01 22:53:37.591939 2021] [php:warn] [pid 224:tid 1092] [client 127.0.0.1:50413] PHP Warning:  include_once(): Failed opening 'C:\\Server\\Domains' for inclusion (include_path='.;C:\\php\\pear') in C:\\Server\\Domains\\smart_house\\index.php on line 3
[Tue Jun 01 22:53:49.342894 2021] [php:warn] [pid 224:tid 1100] [client 127.0.0.1:50414] PHP Warning:  include_once(C:\\Server\\Domains): Failed to open stream: Permission denied in C:\\Server\\Domains\\smart_house\\index.php on line 3
[Tue Jun 01 22:53:49.342894 2021] [php:warn] [pid 224:tid 1100] [client 127.0.0.1:50414] PHP Warning:  include_once(): Failed opening 'C:\\Server\\Domains' for inclusion (include_path='.;C:\\php\\pear') in C:\\Server\\Domains\\smart_house\\index.php on line 3
[Tue Jun 01 22:54:53.468261 2021] [php:warn] [pid 224:tid 1100] [client 127.0.0.1:50419] PHP Warning:  include_once(C:\\Server\\Domains/config/init.php): Failed to open stream: No such file or directory in C:\\Server\\Domains\\smart_house\\index.php on line 3
[Tue Jun 01 22:54:53.468261 2021] [php:warn] [pid 224:tid 1100] [client 127.0.0.1:50419] PHP Warning:  include_once(): Failed opening 'C:\\Server\\Domains/config/init.php' for inclusion (include_path='.;C:\\php\\pear') in C:\\Server\\Domains\\smart_house\\index.php on line 3
[Tue Jun 01 23:01:12.206196 2021] [php:warn] [pid 224:tid 1092] [client 127.0.0.1:50425] PHP Warning:  include_once(C:\\Server\\Domains/config/init.php): Failed to open stream: No such file or directory in C:\\Server\\Domains\\smart_house\\index.php on line 3
[Tue Jun 01 23:01:12.214226 2021] [php:warn] [pid 224:tid 1092] [client 127.0.0.1:50425] PHP Warning:  include_once(): Failed opening 'C:\\Server\\Domains/config/init.php' for inclusion (include_path='.;C:\\php\\pear') in C:\\Server\\Domains\\smart_house\\index.php on line 3
[Wed Jun 02 22:16:37.071262 2021] [core:alert] [pid 224:tid 1092] [client ::1:54688] C:/Server/Domains/smart_house/.htaccess: Invalid command 'RewwriteRule', perhaps misspelled or defined by a module not included in the server configuration
[Wed Jun 02 22:16:43.059047 2021] [core:alert] [pid 224:tid 1092] [client ::1:58666] C:/Server/Domains/smart_house/.htaccess: Invalid command 'RewwriteRule', perhaps misspelled or defined by a module not included in the server configuration
[Wed Jun 02 22:16:49.068573 2021] [core:alert] [pid 224:tid 1092] [client ::1:51410] C:/Server/Domains/smart_house/.htaccess: Invalid command 'RewwriteRule', perhaps misspelled or defined by a module not included in the server configuration
[Wed Jun 02 22:16:55.052183 2021] [core:alert] [pid 224:tid 1092] [client ::1:49889] C:/Server/Domains/smart_house/.htaccess: Invalid command 'RewwriteRule', perhaps misspelled or defined by a module not included in the server configuration
[Wed Jun 02 22:17:01.060589 2021] [core:alert] [pid 224:tid 1092] [client ::1:54188] C:/Server/Domains/smart_house/.htaccess: Invalid command 'RewwriteRule', perhaps misspelled or defined by a module not included in the server configuration
[Wed Jun 02 22:17:07.066809 2021] [core:alert] [pid 224:tid 1092] [client ::1:58506] C:/Server/Domains/smart_house/.htaccess: Invalid command 'RewwriteRule', perhaps misspelled or defined by a module not included in the server configuration
[Wed Jun 02 22:17:13.055033 2021] [core:alert] [pid 224:tid 1092] [client ::1:50995] C:/Server/Domains/smart_house/.htaccess: Invalid command 'RewwriteRule', perhaps misspelled or defined by a module not included in the server configuration
[Wed Jun 02 22:17:19.060500 2021] [core:alert] [pid 224:tid 1092] [client ::1:64742] C:/Server/Domains/smart_house/.htaccess: Invalid command 'RewwriteRule', perhaps misspelled or defined by a module not included in the server configuration
[Wed Jun 02 22:17:25.060485 2021] [core:alert] [pid 224:tid 1092] [client ::1:59028] C:/Server/Domains/smart_house/.htaccess: Invalid command 'RewwriteRule', perhaps misspelled or defined by a module not included in the server configuration
[Wed Jun 02 22:17:31.054016 2021] [core:alert] [pid 224:tid 1092] [client ::1:50375] C:/Server/Domains/smart_house/.htaccess: Invalid command 'RewwriteRule', perhaps misspelled or defined by a module not included in the server configuration
[Wed Jun 02 22:17:37.059687 2021] [core:alert] [pid 224:tid 1092] [client ::1:52238] C:/Server/Domains/smart_house/.htaccess: Invalid command 'RewwriteRule', perhaps misspelled or defined by a module not included in the server configuration
[Wed Jun 02 22:17:43.067360 2021] [core:alert] [pid 224:tid 1092] [client ::1:53872] C:/Server/Domains/smart_house/.htaccess: Invalid command 'RewwriteRule', perhaps misspelled or defined by a module not included in the server configuration
[Wed Jun 02 22:17:49.045865 2021] [core:alert] [pid 224:tid 1092] [client ::1:61647] C:/Server/Domains/smart_house/.htaccess: Invalid command 'RewwriteRule', perhaps misspelled or defined by a module not included in the server configuration
[Wed Jun 02 22:17:55.059435 2021] [core:alert] [pid 224:tid 1092] [client ::1:54128] C:/Server/Domains/smart_house/.htaccess: Invalid command 'RewwriteRule', perhaps misspelled or defined by a module not included in the server configuration
[Wed Jun 02 22:18:01.052410 2021] [core:alert] [pid 224:tid 1092] [client ::1:53335] C:/Server/Domains/smart_house/.htaccess: Invalid command 'RewwriteRule', perhaps misspelled or defined by a module not included in the server configuration
[Wed Jun 02 22:18:07.075817 2021] [core:alert] [pid 224:tid 1092] [client ::1:59377] C:/Server/Domains/smart_house/.htaccess: Invalid command 'RewwriteRule', perhaps misspelled or defined by a module not included in the server configuration
[Wed Jun 02 22:18:13.061127 2021] [core:alert] [pid 224:tid 1092] [client ::1:49653] C:/Server/Domains/smart_house/.htaccess: Invalid command 'RewwriteRule', perhaps misspelled or defined by a module not included in the server configuration
[Wed Jun 02 22:18:19.058498 2021] [core:alert] [pid 224:tid 1092] [client ::1:50037] C:/Server/Domains/smart_house/.htaccess: Invalid command 'RewwriteRule', perhaps misspelled or defined by a module not included in the server configuration
[Wed Jun 02 22:18:25.060571 2021] [core:alert] [pid 224:tid 1092] [client ::1:49362] C:/Server/Domains/smart_house/.htaccess: Invalid command 'RewwriteRule', perhaps misspelled or defined by a module not included in the server configuration
[Wed Jun 02 22:18:31.059370 2021] [core:alert] [pid 224:tid 1092] [client ::1:51424] C:/Server/Domains/smart_house/.htaccess: Invalid command 'RewwriteRule', perhaps misspelled or defined by a module not included in the server configuration
[Wed Jun 02 22:18:37.079256 2021] [core:alert] [pid 224:tid 1092] [client ::1:55420] C:/Server/Domains/smart_house/.htaccess: Invalid command 'RewwriteRule', perhaps misspelled or defined by a module not included in the server configuration
[Wed Jun 02 22:18:43.048152 2021] [core:alert] [pid 224:tid 1092] [client ::1:53538] C:/Server/Domains/smart_house/.htaccess: Invalid command 'RewwriteRule', perhaps misspelled or defined by a module not included in the server configuration
[Wed Jun 02 22:18:49.051189 2021] [core:alert] [pid 224:tid 1092] [client ::1:61247] C:/Server/Domains/smart_house/.htaccess: Invalid command 'RewwriteRule', perhaps misspelled or defined by a module not included in the server configuration
[Wed Jun 02 22:18:55.060327 2021] [core:alert] [pid 224:tid 1092] [client ::1:65393] C:/Server/Domains/smart_house/.htaccess: Invalid command 'RewwriteRule', perhaps misspelled or defined by a module not included in the server configuration
[Wed Jun 02 22:19:01.061117 2021] [core:alert] [pid 224:tid 1092] [client ::1:56517] C:/Server/Domains/smart_house/.htaccess: Invalid command 'RewwriteRule', perhaps misspelled or defined by a module not included in the server configuration
[Wed Jun 02 22:19:07.059778 2021] [core:alert] [pid 224:tid 1092] [client ::1:52427] C:/Server/Domains/smart_house/.htaccess: Invalid command 'RewwriteRule', perhaps misspelled or defined by a module not included in the server configuration
[Wed Jun 02 22:19:13.056504 2021] [core:alert] [pid 224:tid 1092] [client ::1:63250] C:/Server/Domains/smart_house/.htaccess: Invalid command 'RewwriteRule', perhaps misspelled or defined by a module not included in the server configuration
[Wed Jun 02 22:19:19.052648 2021] [core:alert] [pid 224:tid 1092] [client ::1:59738] C:/Server/Domains/smart_house/.htaccess: Invalid command 'RewwriteRule', perhaps misspelled or defined by a module not included in the server configuration
[Wed Jun 02 22:19:25.054201 2021] [core:alert] [pid 224:tid 1092] [client ::1:53901] C:/Server/Domains/smart_house/.htaccess: Invalid command 'RewwriteRule', perhaps misspelled or defined by a module not included in the server configuration
[Wed Jun 02 22:19:31.064169 2021] [core:alert] [pid 224:tid 1092] [client ::1:51589] C:/Server/Domains/smart_house/.htaccess: Invalid command 'RewwriteRule', perhaps misspelled or defined by a module not included in the server configuration
[Wed Jun 02 22:19:37.066777 2021] [core:alert] [pid 224:tid 1092] [client ::1:52272] C:/Server/Domains/smart_house/.htaccess: Invalid command 'RewwriteRule', perhaps misspelled or defined by a module not included in the server configuration
[Wed Jun 02 22:19:43.076448 2021] [core:alert] [pid 224:tid 1092] [client ::1:62591] C:/Server/Domains/smart_house/.htaccess: Invalid command 'RewwriteRule', perhaps misspelled or defined by a module not included in the server configuration
[Wed Jun 02 22:19:49.056070 2021] [core:alert] [pid 224:tid 1092] [client ::1:59358] C:/Server/Domains/smart_house/.htaccess: Invalid command 'RewwriteRule', perhaps misspelled or defined by a module not included in the server configuration
[Wed Jun 02 22:19:55.051363 2021] [core:alert] [pid 224:tid 1092] [client ::1:49801] C:/Server/Domains/smart_house/.htaccess: Invalid command 'RewwriteRule', perhaps misspelled or defined by a module not included in the server configuration
[Wed Jun 02 22:20:01.050451 2021] [core:alert] [pid 224:tid 1092] [client ::1:54403] C:/Server/Domains/smart_house/.htaccess: Invalid command 'RewwriteRule', perhaps misspelled or defined by a module not included in the server configuration
[Wed Jun 02 22:20:07.061211 2021] [core:alert] [pid 224:tid 1092] [client ::1:50098] C:/Server/Domains/smart_house/.htaccess: Invalid command 'RewwriteRule', perhaps misspelled or defined by a module not included in the server configuration
[Wed Jun 02 22:20:13.060419 2021] [core:alert] [pid 224:tid 1092] [client ::1:57228] C:/Server/Domains/smart_house/.htaccess: Invalid command 'RewwriteRule', perhaps misspelled or defined by a module not included in the server configuration
[Wed Jun 02 22:20:19.058279 2021] [core:alert] [pid 224:tid 1092] [client ::1:65212] C:/Server/Domains/smart_house/.htaccess: Invalid command 'RewwriteRule', perhaps misspelled or defined by a module not included in the server configuration
[Wed Jun 02 22:20:25.055680 2021] [core:alert] [pid 224:tid 1092] [client ::1:52361] C:/Server/Domains/smart_house/.htaccess: Invalid command 'RewwriteRule', perhaps misspelled or defined by a module not included in the server configuration
[Wed Jun 02 22:20:31.057669 2021] [core:alert] [pid 224:tid 1092] [client ::1:50090] C:/Server/Domains/smart_house/.htaccess: Invalid command 'RewwriteRule', perhaps misspelled or defined by a module not included in the server configuration
[Wed Jun 02 22:20:37.075824 2021] [core:alert] [pid 224:tid 1092] [client ::1:64238] C:/Server/Domains/smart_house/.htaccess: Invalid command 'RewwriteRule', perhaps misspelled or defined by a module not included in the server configuration
[Wed Jun 02 22:20:43.066601 2021] [core:alert] [pid 224:tid 1092] [client ::1:63935] C:/Server/Domains/smart_house/.htaccess: Invalid command 'RewwriteRule', perhaps misspelled or defined by a module not included in the server configuration
[Wed Jun 02 22:20:49.059822 2021] [core:alert] [pid 224:tid 1092] [client ::1:61518] C:/Server/Domains/smart_house/.htaccess: Invalid command 'RewwriteRule', perhaps misspelled or defined by a module not included in the server configuration
[Wed Jun 02 22:20:55.062623 2021] [core:alert] [pid 224:tid 1092] [client ::1:59931] C:/Server/Domains/smart_house/.htaccess: Invalid command 'RewwriteRule', perhaps misspelled or defined by a module not included in the server configuration
[Wed Jun 02 22:21:01.064522 2021] [core:alert] [pid 224:tid 1092] [client ::1:64294] C:/Server/Domains/smart_house/.htaccess: Invalid command 'RewwriteRule', perhaps misspelled or defined by a module not included in the server configuration
[Wed Jun 02 22:21:07.057427 2021] [core:alert] [pid 224:tid 1092] [client ::1:59639] C:/Server/Domains/smart_house/.htaccess: Invalid command 'RewwriteRule', perhaps misspelled or defined by a module not included in the server configuration
[Wed Jun 02 22:21:09.399099 2021] [core:alert] [pid 224:tid 1092] [client ::1:49645] C:/Server/Domains/smart_house/.htaccess: Invalid command 'RewwriteRule', perhaps misspelled or defined by a module not included in the server configuration
[Wed Jun 02 22:21:11.590034 2021] [core:alert] [pid 224:tid 1100] [client ::1:60453] C:/Server/Domains/smart_house/.htaccess: Invalid command 'RewwriteRule', perhaps misspelled or defined by a module not included in the server configuration, referer: http://localhost/
[Wed Jun 02 22:21:13.064737 2021] [core:alert] [pid 224:tid 1092] [client ::1:53132] C:/Server/Domains/smart_house/.htaccess: Invalid command 'RewwriteRule', perhaps misspelled or defined by a module not included in the server configuration
[Wed Jun 02 22:21:19.058154 2021] [core:alert] [pid 224:tid 1092] [client ::1:56398] C:/Server/Domains/smart_house/.htaccess: Invalid command 'RewwriteRule', perhaps misspelled or defined by a module not included in the server configuration
[Wed Jun 02 22:21:25.057981 2021] [core:alert] [pid 224:tid 1092] [client ::1:58222] C:/Server/Domains/smart_house/.htaccess: Invalid command 'RewwriteRule', perhaps misspelled or defined by a module not included in the server configuration
[Wed Jun 02 22:21:31.069799 2021] [core:alert] [pid 224:tid 1092] [client ::1:60696] C:/Server/Domains/smart_house/.htaccess: Invalid command 'RewwriteRule', perhaps misspelled or defined by a module not included in the server configuration
[Wed Jun 02 22:21:37.072056 2021] [core:alert] [pid 224:tid 1092] [client ::1:63496] C:/Server/Domains/smart_house/.htaccess: Invalid command 'RewwriteRule', perhaps misspelled or defined by a module not included in the server configuration
[Wed Jun 02 22:21:43.058829 2021] [core:alert] [pid 224:tid 1092] [client ::1:63465] C:/Server/Domains/smart_house/.htaccess: Invalid command 'RewwriteRule', perhaps misspelled or defined by a module not included in the server configuration
[Wed Jun 02 22:21:49.067722 2021] [core:alert] [pid 224:tid 1092] [client ::1:51433] C:/Server/Domains/smart_house/.htaccess: Invalid command 'RewwriteRule', perhaps misspelled or defined by a module not included in the server configuration
[Wed Jun 02 22:21:55.058034 2021] [core:alert] [pid 224:tid 1092] [client ::1:55571] C:/Server/Domains/smart_house/.htaccess: Invalid command 'RewwriteRule', perhaps misspelled or defined by a module not included in the server configuration
[Wed Jun 02 22:22:01.055693 2021] [core:alert] [pid 224:tid 1092] [client ::1:58529] C:/Server/Domains/smart_house/.htaccess: Invalid command 'RewwriteRule', perhaps misspelled or defined by a module not included in the server configuration
[Wed Jun 02 22:22:07.062505 2021] [core:alert] [pid 224:tid 1092] [client ::1:60147] C:/Server/Domains/smart_house/.htaccess: Invalid command 'RewwriteRule', perhaps misspelled or defined by a module not included in the server configuration
[Wed Jun 02 22:22:13.059878 2021] [core:alert] [pid 224:tid 1092] [client ::1:60050] C:/Server/Domains/smart_house/.htaccess: Invalid command 'RewwriteRule', perhaps misspelled or defined by a module not included in the server configuration
[Wed Jun 02 22:22:19.047451 2021] [core:alert] [pid 224:tid 1092] [client ::1:53155] C:/Server/Domains/smart_house/.htaccess: Invalid command 'RewwriteRule', perhaps misspelled or defined by a module not included in the server configuration
[Wed Jun 02 22:22:25.055602 2021] [core:alert] [pid 224:tid 1092] [client ::1:52571] C:/Server/Domains/smart_house/.htaccess: Invalid command 'RewwriteRule', perhaps misspelled or defined by a module not included in the server configuration
[Wed Jun 02 22:22:31.062355 2021] [core:alert] [pid 224:tid 1092] [client ::1:53111] C:/Server/Domains/smart_house/.htaccess: Invalid command 'RewwriteRule', perhaps misspelled or defined by a module not included in the server configuration
[Wed Jun 02 22:22:37.061279 2021] [core:alert] [pid 224:tid 1092] [client ::1:61493] C:/Server/Domains/smart_house/.htaccess: Invalid command 'RewwriteRule', perhaps misspelled or defined by a module not included in the server configuration
[Wed Jun 02 22:22:43.057155 2021] [core:alert] [pid 224:tid 1092] [client ::1:56280] C:/Server/Domains/smart_house/.htaccess: Invalid command 'RewwriteRule', perhaps misspelled or defined by a module not included in the server configuration
[Wed Jun 02 22:22:49.051893 2021] [core:alert] [pid 224:tid 1092] [client ::1:58958] C:/Server/Domains/smart_house/.htaccess: Invalid command 'RewwriteRule', perhaps misspelled or defined by a module not included in the server configuration
[Wed Jun 02 22:22:55.061593 2021] [core:alert] [pid 224:tid 1092] [client ::1:50700] C:/Server/Domains/smart_house/.htaccess: Invalid command 'RewwriteRule', perhaps misspelled or defined by a module not included in the server configuration
[Wed Jun 02 22:23:01.057385 2021] [core:alert] [pid 224:tid 1092] [client ::1:51909] C:/Server/Domains/smart_house/.htaccess: Invalid command 'RewwriteRule', perhaps misspelled or defined by a module not included in the server configuration
[Wed Jun 02 22:23:07.067991 2021] [core:alert] [pid 224:tid 1092] [client ::1:61703] C:/Server/Domains/smart_house/.htaccess: Invalid command 'RewwriteRule', perhaps misspelled or defined by a module not included in the server configuration
[Wed Jun 02 22:23:13.064490 2021] [core:alert] [pid 224:tid 1092] [client ::1:53487] C:/Server/Domains/smart_house/.htaccess: Invalid command 'RewwriteRule', perhaps misspelled or defined by a module not included in the server configuration
[Wed Jun 02 22:23:19.066899 2021] [core:alert] [pid 224:tid 1092] [client ::1:56061] C:/Server/Domains/smart_house/.htaccess: Invalid command 'RewwriteRule', perhaps misspelled or defined by a module not included in the server configuration
[Wed Jun 02 22:23:25.054413 2021] [core:alert] [pid 224:tid 1092] [client ::1:53627] C:/Server/Domains/smart_house/.htaccess: Invalid command 'RewwriteRule', perhaps misspelled or defined by a module not included in the server configuration
[Wed Jun 02 22:23:31.059332 2021] [core:alert] [pid 224:tid 1092] [client ::1:56191] C:/Server/Domains/smart_house/.htaccess: Invalid command 'RewwriteRule', perhaps misspelled or defined by a module not included in the server configuration
[Wed Jun 02 22:23:37.055375 2021] [core:alert] [pid 224:tid 1092] [client ::1:57273] C:/Server/Domains/smart_house/.htaccess: Invalid command 'RewwriteRule', perhaps misspelled or defined by a module not included in the server configuration
[Wed Jun 02 22:23:43.065186 2021] [core:alert] [pid 224:tid 1092] [client ::1:51947] C:/Server/Domains/smart_house/.htaccess: Invalid command 'RewwriteRule', perhaps misspelled or defined by a module not included in the server configuration
[Wed Jun 02 22:23:49.063324 2021] [core:alert] [pid 224:tid 1092] [client ::1:62505] C:/Server/Domains/smart_house/.htaccess: Invalid command 'RewwriteRule', perhaps misspelled or defined by a module not included in the server configuration
[Wed Jun 02 22:23:55.057520 2021] [core:alert] [pid 224:tid 1092] [client ::1:64718] C:/Server/Domains/smart_house/.htaccess: Invalid command 'RewwriteRule', perhaps misspelled or defined by a module not included in the server configuration
[Wed Jun 02 22:24:01.059032 2021] [core:alert] [pid 224:tid 1092] [client ::1:57014] C:/Server/Domains/smart_house/.htaccess: Invalid command 'RewwriteRule', perhaps misspelled or defined by a module not included in the server configuration
[Wed Jun 02 22:24:07.063765 2021] [core:alert] [pid 224:tid 1092] [client ::1:51756] C:/Server/Domains/smart_house/.htaccess: Invalid command 'RewwriteRule', perhaps misspelled or defined by a module not included in the server configuration
[Wed Jun 02 22:24:12.107353 2021] [core:alert] [pid 224:tid 1092] [client ::1:57732] C:/Server/Domains/smart_house/.htaccess: Invalid command 'RewwriteRule', perhaps misspelled or defined by a module not included in the server configuration
[Wed Jun 02 22:24:17.154236 2021] [core:alert] [pid 224:tid 1092] [client ::1:62567] C:/Server/Domains/smart_house/.htaccess: Invalid command 'RewwriteRule', perhaps misspelled or defined by a module not included in the server configuration
[Wed Jun 02 22:24:22.200708 2021] [core:alert] [pid 224:tid 1092] [client ::1:55440] C:/Server/Domains/smart_house/.htaccess: Invalid command 'RewwriteRule', perhaps misspelled or defined by a module not included in the server configuration
[Wed Jun 02 22:34:05.086282 2021] [core:alert] [pid 224:tid 1100] [client ::1:54469] C:/Server/Domains/smart_house/.htaccess: Invalid command 'RewwriteRule', perhaps misspelled or defined by a module not included in the server configuration, referer: http://localhost/
[Wed Jun 02 22:34:06.298879 2021] [core:alert] [pid 224:tid 1092] [client ::1:50996] C:/Server/Domains/smart_house/.htaccess: Invalid command 'RewwriteRule', perhaps misspelled or defined by a module not included in the server configuration
[Wed Jun 02 22:34:06.362798 2021] [core:alert] [pid 224:tid 1100] [client ::1:62695] C:/Server/Domains/smart_house/.htaccess: Invalid command 'RewwriteRule', perhaps misspelled or defined by a module not included in the server configuration, referer: http://localhost/
[Wed Jun 02 22:35:43.341548 2021] [php:warn] [pid 224:tid 1100] [client ::1:61562] PHP Warning:  include_once(C:\\Server\\Domains\\smart_house\\public/config/init.php): Failed to open stream: No such file or directory in C:\\Server\\Domains\\smart_house\\public\\index.php on line 3
[Wed Jun 02 22:35:43.341548 2021] [php:warn] [pid 224:tid 1100] [client ::1:61562] PHP Warning:  include_once(): Failed opening 'C:\\Server\\Domains\\smart_house\\public/config/init.php' for inclusion (include_path='.;C:\\php\\pear') in C:\\Server\\Domains\\smart_house\\public\\index.php on line 3
[Wed Jun 02 22:35:43.438192 2021] [php:warn] [pid 224:tid 1100] [client ::1:61562] PHP Warning:  include_once(C:\\Server\\Domains\\smart_house\\public/config/init.php): Failed to open stream: No such file or directory in C:\\Server\\Domains\\smart_house\\public\\index.php on line 3, referer: http://localhost/
[Wed Jun 02 22:35:43.438192 2021] [php:warn] [pid 224:tid 1100] [client ::1:61562] PHP Warning:  include_once(): Failed opening 'C:\\Server\\Domains\\smart_house\\public/config/init.php' for inclusion (include_path='.;C:\\php\\pear') in C:\\Server\\Domains\\smart_house\\public\\index.php on line 3, referer: http://localhost/
[Wed Jun 02 22:40:34.458460 2021] [php:error] [pid 224:tid 1100] [client 127.0.0.1:59588] PHP Fatal error:  Uncaught Error: Call to undefined function debug() in C:\\Server\\Domains\\smart_house\\config\\init.php:15\nStack trace:\n#0 C:\\Server\\Domains\\smart_house\\public\\index.php(2): include_once()\n#1 {main}\n  thrown in C:\\Server\\Domains\\smart_house\\config\\init.php on line 15, referer: http://smart_house/
[Wed Jun 02 23:42:13.279666 2021] [php:error] [pid 224:tid 1100] [client 127.0.0.1:60526] PHP Fatal error:  Uncaught Error: Class "base\\App" not found in C:\\Server\\Domains\\smart_house\\public\\index.php:4\nStack trace:\n#0 {main}\n  thrown in C:\\Server\\Domains\\smart_house\\public\\index.php on line 4
[Wed Jun 02 23:42:13.374907 2021] [php:error] [pid 224:tid 1100] [client 127.0.0.1:60526] PHP Fatal error:  Uncaught Error: Class "base\\App" not found in C:\\Server\\Domains\\smart_house\\public\\index.php:4\nStack trace:\n#0 {main}\n  thrown in C:\\Server\\Domains\\smart_house\\public\\index.php on line 4, referer: http://smart_house/
[Thu Jun 03 00:08:50.978484 2021] [php:error] [pid 224:tid 1128] [client ::1:53983] PHP Fatal error:  Uncaught Error: Class "base\\App" not found in C:\\Server\\Domains\\smart_house\\public\\index.php:4\nStack trace:\n#0 {main}\n  thrown in C:\\Server\\Domains\\smart_house\\public\\index.php on line 4, referer: http://localhost/
[Thu Jun 03 00:08:56.165529 2021] [php:error] [pid 224:tid 1128] [client ::1:52920] PHP Fatal error:  Uncaught Error: Class "base\\App" not found in C:\\Server\\Domains\\smart_house\\public\\index.php:4\nStack trace:\n#0 {main}\n  thrown in C:\\Server\\Domains\\smart_house\\public\\index.php on line 4, referer: http://localhost/
[Fri Jun 04 21:37:30.236412 2021] [php:error] [pid 224:tid 1128] [client ::1:64634] PHP Fatal error:  Uncaught Error: Class "base\\App" not found in C:\\Server\\Domains\\smart_house\\public\\index.php:4\nStack trace:\n#0 {main}\n  thrown in C:\\Server\\Domains\\smart_house\\public\\index.php on line 4
[Fri Jun 04 21:37:31.947359 2021] [php:error] [pid 224:tid 1128] [client ::1:64634] PHP Fatal error:  Uncaught Error: Class "base\\App" not found in C:\\Server\\Domains\\smart_house\\public\\index.php:4\nStack trace:\n#0 {main}\n  thrown in C:\\Server\\Domains\\smart_house\\public\\index.php on line 4, referer: http://localhost/
[Fri Jun 04 21:41:31.309919 2021] [php:error] [pid 224:tid 1100] [client ::1:50590] PHP Fatal error:  Uncaught Error: Call to a member function getProperties() on null in C:\\Server\\Domains\\smart_house\\public\\index.php:6\nStack trace:\n#0 {main}\n  thrown in C:\\Server\\Domains\\smart_house\\public\\index.php on line 6
[Fri Jun 04 21:41:31.413810 2021] [php:error] [pid 224:tid 1100] [client ::1:50590] PHP Fatal error:  Uncaught Error: Call to a member function getProperties() on null in C:\\Server\\Domains\\smart_house\\public\\index.php:6\nStack trace:\n#0 {main}\n  thrown in C:\\Server\\Domains\\smart_house\\public\\index.php on line 6, referer: http://localhost/
[Fri Jun 04 21:44:30.025187 2021] [php:error] [pid 224:tid 1100] [client ::1:58179] PHP Fatal error:  Uncaught Error: Call to a member function getParams() on null in C:\\Server\\Domains\\smart_house\\public\\index.php:6\nStack trace:\n#0 {main}\n  thrown in C:\\Server\\Domains\\smart_house\\public\\index.php on line 6
[Fri Jun 04 21:44:30.137091 2021] [php:error] [pid 224:tid 1100] [client ::1:58179] PHP Fatal error:  Uncaught Error: Call to a member function getParams() on null in C:\\Server\\Domains\\smart_house\\public\\index.php:6\nStack trace:\n#0 {main}\n  thrown in C:\\Server\\Domains\\smart_house\\public\\index.php on line 6, referer: http://localhost/
[Fri Jun 04 21:45:31.104236 2021] [php:error] [pid 224:tid 1128] [client ::1:62183] PHP Fatal error:  Uncaught Error: Call to a member function getProperties() on null in C:\\Server\\Domains\\smart_house\\public\\index.php:6\nStack trace:\n#0 {main}\n  thrown in C:\\Server\\Domains\\smart_house\\public\\index.php on line 6
[Fri Jun 04 21:45:31.240131 2021] [php:error] [pid 224:tid 1128] [client ::1:62183] PHP Fatal error:  Uncaught Error: Call to a member function getProperties() on null in C:\\Server\\Domains\\smart_house\\public\\index.php:6\nStack trace:\n#0 {main}\n  thrown in C:\\Server\\Domains\\smart_house\\public\\index.php on line 6, referer: http://localhost/
[Fri Jun 04 21:47:39.363011 2021] [php:error] [pid 224:tid 1128] [client ::1:60896] PHP Fatal error:  Uncaught Error: Call to a member function getProperties() on null in C:\\Server\\Domains\\smart_house\\public\\index.php:6\nStack trace:\n#0 {main}\n  thrown in C:\\Server\\Domains\\smart_house\\public\\index.php on line 6
[Fri Jun 04 21:47:39.442947 2021] [php:error] [pid 224:tid 1128] [client ::1:60896] PHP Fatal error:  Uncaught Error: Call to a member function getProperties() on null in C:\\Server\\Domains\\smart_house\\public\\index.php:6\nStack trace:\n#0 {main}\n  thrown in C:\\Server\\Domains\\smart_house\\public\\index.php on line 6, referer: http://localhost/
[Fri Jun 04 22:23:03.622275 2021] [php:error] [pid 224:tid 1100] [client 192.168.0.23:56142] PHP Fatal error:  Uncaught Error: Call to a member function getProperties() on null in C:\\Server\\Domains\\smart_house\\public\\index.php:6\nStack trace:\n#0 {main}\n  thrown in C:\\Server\\Domains\\smart_house\\public\\index.php on line 6
[Mon Jun 07 18:59:29.223064 2021] [php:error] [pid 224:tid 1128] [client ::1:62339] PHP Fatal error:  Uncaught Error: Call to undefined function debugg() in C:\\Server\\Domains\\smart_house\\public\\index.php:6\nStack trace:\n#0 {main}\n  thrown in C:\\Server\\Domains\\smart_house\\public\\index.php on line 6
[Mon Jun 07 18:59:29.644081 2021] [php:error] [pid 224:tid 1128] [client ::1:62339] PHP Fatal error:  Uncaught Error: Call to undefined function debugg() in C:\\Server\\Domains\\smart_house\\public\\index.php:6\nStack trace:\n#0 {main}\n  thrown in C:\\Server\\Domains\\smart_house\\public\\index.php on line 6, referer: http://localhost/
[Mon Jun 07 19:01:40.614598 2021] [php:error] [pid 224:tid 1100] [client ::1:63771] PHP Fatal error:  Uncaught Error: Undefined constant "LIB" in C:\\Server\\Domains\\smart_house\\public\\index.php:3\nStack trace:\n#0 {main}\n  thrown in C:\\Server\\Domains\\smart_house\\public\\index.php on line 3
[Mon Jun 07 19:01:40.653142 2021] [php:error] [pid 224:tid 1100] [client ::1:63771] PHP Fatal error:  Uncaught Error: Undefined constant "LIB" in C:\\Server\\Domains\\smart_house\\public\\index.php:3\nStack trace:\n#0 {main}\n  thrown in C:\\Server\\Domains\\smart_house\\public\\index.php on line 3, referer: http://localhost/
[Mon Jun 07 19:02:15.304698 2021] [php:warn] [pid 224:tid 1100] [client ::1:59165] PHP Warning:  require_once(C:\\Server\\Domains\\smart_house/core/libsfunction.php): Failed to open stream: No such file or directory in C:\\Server\\Domains\\smart_house\\public\\index.php on line 3
[Mon Jun 07 19:02:15.306198 2021] [php:error] [pid 224:tid 1100] [client ::1:59165] PHP Fatal error:  Uncaught Error: Failed opening required 'C:\\Server\\Domains\\smart_house/core/libsfunction.php' (include_path='.;C:\\php\\pear') in C:\\Server\\Domains\\smart_house\\public\\index.php:3\nStack trace:\n#0 {main}\n  thrown in C:\\Server\\Domains\\smart_house\\public\\index.php on line 3
[Mon Jun 07 19:02:15.359961 2021] [php:warn] [pid 224:tid 1100] [client ::1:59165] PHP Warning:  require_once(C:\\Server\\Domains\\smart_house/core/libsfunction.php): Failed to open stream: No such file or directory in C:\\Server\\Domains\\smart_house\\public\\index.php on line 3, referer: http://localhost/
[Mon Jun 07 19:02:15.359961 2021] [php:error] [pid 224:tid 1100] [client ::1:59165] PHP Fatal error:  Uncaught Error: Failed opening required 'C:\\Server\\Domains\\smart_house/core/libsfunction.php' (include_path='.;C:\\php\\pear') in C:\\Server\\Domains\\smart_house\\public\\index.php:3\nStack trace:\n#0 {main}\n  thrown in C:\\Server\\Domains\\smart_house\\public\\index.php on line 3, referer: http://localhost/
[Mon Jun 07 19:02:39.181941 2021] [php:error] [pid 224:tid 1100] [client ::1:58696] PHP Fatal error:  Uncaught Error: Call to undefined function debugg() in C:\\Server\\Domains\\smart_house\\public\\index.php:7\nStack trace:\n#0 {main}\n  thrown in C:\\Server\\Domains\\smart_house\\public\\index.php on line 7
[Mon Jun 07 19:02:39.216710 2021] [php:error] [pid 224:tid 1100] [client ::1:58696] PHP Fatal error:  Uncaught Error: Call to undefined function debugg() in C:\\Server\\Domains\\smart_house\\public\\index.php:7\nStack trace:\n#0 {main}\n  thrown in C:\\Server\\Domains\\smart_house\\public\\index.php on line 7, referer: http://localhost/
[Mon Jun 07 19:02:54.971702 2021] [php:error] [pid 224:tid 1128] [client ::1:60410] PHP Fatal error:  Uncaught Error: Call to a member function getProperties() on null in C:\\Server\\Domains\\smart_house\\public\\index.php:7\nStack trace:\n#0 {main}\n  thrown in C:\\Server\\Domains\\smart_house\\public\\index.php on line 7
[Mon Jun 07 19:02:55.049943 2021] [php:error] [pid 224:tid 1128] [client ::1:60410] PHP Fatal error:  Uncaught Error: Call to a member function getProperties() on null in C:\\Server\\Domains\\smart_house\\public\\index.php:7\nStack trace:\n#0 {main}\n  thrown in C:\\Server\\Domains\\smart_house\\public\\index.php on line 7, referer: http://localhost/
[Mon Jun 07 22:15:17.806606 2021] [php:error] [pid 224:tid 1100] [client ::1:54175] PHP Fatal error:  Uncaught Error: Undefined constant "base\\CONFIG" in C:\\Server\\Domains\\smart_house\\core\\base\\App.php:18\nStack trace:\n#0 C:\\Server\\Domains\\smart_house\\core\\base\\App.php(13): base\\App->getParams()\n#1 C:\\Server\\Domains\\smart_house\\public\\index.php(7): base\\App->__construct()\n#2 {main}\n  thrown in C:\\Server\\Domains\\smart_house\\core\\base\\App.php on line 18
[Mon Jun 07 22:15:17.899661 2021] [php:error] [pid 224:tid 1100] [client ::1:54175] PHP Fatal error:  Uncaught Error: Undefined constant "base\\CONFIG" in C:\\Server\\Domains\\smart_house\\core\\base\\App.php:18\nStack trace:\n#0 C:\\Server\\Domains\\smart_house\\core\\base\\App.php(13): base\\App->getParams()\n#1 C:\\Server\\Domains\\smart_house\\public\\index.php(7): base\\App->__construct()\n#2 {main}\n  thrown in C:\\Server\\Domains\\smart_house\\core\\base\\App.php on line 18, referer: http://localhost/
[Mon Jun 07 22:16:29.051842 2021] [php:error] [pid 224:tid 1128] [client ::1:64543] PHP Fatal error:  Uncaught Error: Call to undefined method base\\App::getParams() in C:\\Server\\Domains\\smart_house\\core\\base\\App.php:13\nStack trace:\n#0 C:\\Server\\Domains\\smart_house\\public\\index.php(7): base\\App->__construct()\n#1 {main}\n  thrown in C:\\Server\\Domains\\smart_house\\core\\base\\App.php on line 13
[Mon Jun 07 22:16:29.102046 2021] [php:error] [pid 224:tid 1128] [client ::1:64543] PHP Fatal error:  Uncaught Error: Call to undefined method base\\App::getParams() in C:\\Server\\Domains\\smart_house\\core\\base\\App.php:13\nStack trace:\n#0 C:\\Server\\Domains\\smart_house\\public\\index.php(7): base\\App->__construct()\n#1 {main}\n  thrown in C:\\Server\\Domains\\smart_house\\core\\base\\App.php on line 13, referer: http://localhost/
[Mon Jun 07 22:18:42.009630 2021] [php:error] [pid 224:tid 1128] [client ::1:54062] PHP Fatal error:  Uncaught Error: Undefined constant "base\\CONFIG" in C:\\Server\\Domains\\smart_house\\core\\base\\App.php:18\nStack trace:\n#0 C:\\Server\\Domains\\smart_house\\core\\base\\App.php(13): base\\App->getParams()\n#1 C:\\Server\\Domains\\smart_house\\public\\index.php(7): base\\App->__construct()\n#2 {main}\n  thrown in C:\\Server\\Domains\\smart_house\\core\\base\\App.php on line 18
[Mon Jun 07 22:18:42.043118 2021] [php:error] [pid 224:tid 1128] [client ::1:54062] PHP Fatal error:  Uncaught Error: Undefined constant "base\\CONFIG" in C:\\Server\\Domains\\smart_house\\core\\base\\App.php:18\nStack trace:\n#0 C:\\Server\\Domains\\smart_house\\core\\base\\App.php(13): base\\App->getParams()\n#1 C:\\Server\\Domains\\smart_house\\public\\index.php(7): base\\App->__construct()\n#2 {main}\n  thrown in C:\\Server\\Domains\\smart_house\\core\\base\\App.php on line 18, referer: http://localhost/
[Mon Jun 07 22:19:04.320471 2021] [php:error] [pid 224:tid 1128] [client ::1:64469] PHP Fatal error:  Uncaught Error: Undefined constant "base\\CONFIG" in C:\\Server\\Domains\\smart_house\\core\\base\\App.php:18\nStack trace:\n#0 C:\\Server\\Domains\\smart_house\\core\\base\\App.php(13): base\\App->getParams()\n#1 C:\\Server\\Domains\\smart_house\\public\\index.php(7): base\\App->__construct()\n#2 {main}\n  thrown in C:\\Server\\Domains\\smart_house\\core\\base\\App.php on line 18
[Mon Jun 07 22:19:04.376339 2021] [php:error] [pid 224:tid 1128] [client ::1:64469] PHP Fatal error:  Uncaught Error: Undefined constant "base\\CONFIG" in C:\\Server\\Domains\\smart_house\\core\\base\\App.php:18\nStack trace:\n#0 C:\\Server\\Domains\\smart_house\\core\\base\\App.php(13): base\\App->getParams()\n#1 C:\\Server\\Domains\\smart_house\\public\\index.php(7): base\\App->__construct()\n#2 {main}\n  thrown in C:\\Server\\Domains\\smart_house\\core\\base\\App.php on line 18, referer: http://localhost/main
[Mon Jun 07 22:19:15.510484 2021] [php:error] [pid 224:tid 1100] [client ::1:53667] PHP Fatal error:  Uncaught Error: Undefined constant "base\\CONFIG" in C:\\Server\\Domains\\smart_house\\core\\base\\App.php:18\nStack trace:\n#0 C:\\Server\\Domains\\smart_house\\core\\base\\App.php(13): base\\App->getParams()\n#1 C:\\Server\\Domains\\smart_house\\public\\index.php(7): base\\App->__construct()\n#2 {main}\n  thrown in C:\\Server\\Domains\\smart_house\\core\\base\\App.php on line 18
[Mon Jun 07 22:19:15.547214 2021] [php:error] [pid 224:tid 1100] [client ::1:53667] PHP Fatal error:  Uncaught Error: Undefined constant "base\\CONFIG" in C:\\Server\\Domains\\smart_house\\core\\base\\App.php:18\nStack trace:\n#0 C:\\Server\\Domains\\smart_house\\core\\base\\App.php(13): base\\App->getParams()\n#1 C:\\Server\\Domains\\smart_house\\public\\index.php(7): base\\App->__construct()\n#2 {main}\n  thrown in C:\\Server\\Domains\\smart_house\\core\\base\\App.php on line 18, referer: http://localhost/main/index
[Mon Jun 07 22:19:39.606263 2021] [php:error] [pid 224:tid 1100] [client ::1:64254] PHP Fatal error:  Uncaught Error: Undefined constant "base\\CONFIG" in C:\\Server\\Domains\\smart_house\\core\\base\\App.php:18\nStack trace:\n#0 C:\\Server\\Domains\\smart_house\\core\\base\\App.php(13): base\\App->getParams()\n#1 C:\\Server\\Domains\\smart_house\\public\\index.php(7): base\\App->__construct()\n#2 {main}\n  thrown in C:\\Server\\Domains\\smart_house\\core\\base\\App.php on line 18
[Mon Jun 07 22:19:39.642024 2021] [php:error] [pid 224:tid 1100] [client ::1:64254] PHP Fatal error:  Uncaught Error: Undefined constant "base\\CONFIG" in C:\\Server\\Domains\\smart_house\\core\\base\\App.php:18\nStack trace:\n#0 C:\\Server\\Domains\\smart_house\\core\\base\\App.php(13): base\\App->getParams()\n#1 C:\\Server\\Domains\\smart_house\\public\\index.php(7): base\\App->__construct()\n#2 {main}\n  thrown in C:\\Server\\Domains\\smart_house\\core\\base\\App.php on line 18, referer: http://localhost/main/index/
[Mon Jun 07 22:24:23.826661 2021] [php:warn] [pid 224:tid 1128] [client ::1:50016] PHP Warning:  require_once(C:\\Server\\Domains\\smart_house/configparams.php): Failed to open stream: No such file or directory in C:\\Server\\Domains\\smart_house\\core\\base\\App.php on line 17
[Mon Jun 07 22:24:23.826661 2021] [php:error] [pid 224:tid 1128] [client ::1:50016] PHP Fatal error:  Uncaught Error: Failed opening required 'C:\\Server\\Domains\\smart_house/configparams.php' (include_path='.;C:\\php\\pear') in C:\\Server\\Domains\\smart_house\\core\\base\\App.php:17\nStack trace:\n#0 C:\\Server\\Domains\\smart_house\\core\\base\\App.php(12): base\\App->getParams()\n#1 C:\\Server\\Domains\\smart_house\\public\\index.php(7): base\\App->__construct()\n#2 {main}\n  thrown in C:\\Server\\Domains\\smart_house\\core\\base\\App.php on line 17
[Mon Jun 07 22:24:23.859420 2021] [php:warn] [pid 224:tid 1128] [client ::1:50016] PHP Warning:  require_once(C:\\Server\\Domains\\smart_house/configparams.php): Failed to open stream: No such file or directory in C:\\Server\\Domains\\smart_house\\core\\base\\App.php on line 17, referer: http://localhost/main/index/
[Mon Jun 07 22:24:23.859420 2021] [php:error] [pid 224:tid 1128] [client ::1:50016] PHP Fatal error:  Uncaught Error: Failed opening required 'C:\\Server\\Domains\\smart_house/configparams.php' (include_path='.;C:\\php\\pear') in C:\\Server\\Domains\\smart_house\\core\\base\\App.php:17\nStack trace:\n#0 C:\\Server\\Domains\\smart_house\\core\\base\\App.php(12): base\\App->getParams()\n#1 C:\\Server\\Domains\\smart_house\\public\\index.php(7): base\\App->__construct()\n#2 {main}\n  thrown in C:\\Server\\Domains\\smart_house\\core\\base\\App.php on line 17, referer: http://localhost/main/index/
[Tue Jun 08 00:06:39.210140 2021] [php:warn] [pid 224:tid 1100] [client ::1:64648] PHP Warning:  Undefined variable $errstr in C:\\Server\\Domains\\smart_house\\public\\errors\\dev.php on line 11, referer: http://localhost/
[Tue Jun 08 00:07:13.752423 2021] [php:warn] [pid 224:tid 1100] [client ::1:64376] PHP Warning:  Undefined variable $errstr in C:\\Server\\Domains\\smart_house\\public\\errors\\dev.php on line 11, referer: http://localhost/
[Tue Jun 08 00:08:20.593654 2021] [php:warn] [pid 224:tid 1128] [client ::1:59031] PHP Warning:  Undefined variable $errstr in C:\\Server\\Domains\\smart_house\\public\\errors\\dev.php on line 11, referer: http://localhost/
[Tue Jun 08 16:54:54.388062 2021] [php:notice] [pid 224:tid 1100] [client ::1:55179] PHP Deprecated:  Required parameter $meta follows optional parameter $layout in C:\\Server\\Domains\\smart_house\\core\\base\\View.php on line 15, referer: http://localhost/
[Tue Jun 08 16:54:54.389055 2021] [php:warn] [pid 224:tid 1100] [client ::1:55179] PHP Warning:  Trying to access array offset on value of type null in C:\\Server\\Domains\\smart_house\\core\\base\\View.php on line 17, referer: http://localhost/
[Tue Jun 08 16:54:54.389055 2021] [php:warn] [pid 224:tid 1100] [client ::1:55179] PHP Warning:  Trying to access array offset on value of type null in C:\\Server\\Domains\\smart_house\\core\\base\\View.php on line 19, referer: http://localhost/
[Tue Jun 08 16:54:54.389055 2021] [php:warn] [pid 224:tid 1100] [client ::1:55179] PHP Warning:  Trying to access array offset on value of type null in C:\\Server\\Domains\\smart_house\\core\\base\\View.php on line 20, referer: http://localhost/
[Tue Jun 08 16:54:56.147852 2021] [php:notice] [pid 224:tid 1128] [client ::1:65046] PHP Deprecated:  Required parameter $meta follows optional parameter $layout in C:\\Server\\Domains\\smart_house\\core\\base\\View.php on line 15, referer: http://localhost/
[Tue Jun 08 16:54:56.148848 2021] [php:warn] [pid 224:tid 1128] [client ::1:65046] PHP Warning:  Trying to access array offset on value of type null in C:\\Server\\Domains\\smart_house\\core\\base\\View.php on line 17, referer: http://localhost/
[Tue Jun 08 16:54:56.148848 2021] [php:warn] [pid 224:tid 1128] [client ::1:65046] PHP Warning:  Trying to access array offset on value of type null in C:\\Server\\Domains\\smart_house\\core\\base\\View.php on line 19, referer: http://localhost/
[Tue Jun 08 16:54:56.148848 2021] [php:warn] [pid 224:tid 1128] [client ::1:65046] PHP Warning:  Trying to access array offset on value of type null in C:\\Server\\Domains\\smart_house\\core\\base\\View.php on line 20, referer: http://localhost/
[Tue Jun 08 16:59:16.506348 2021] [php:notice] [pid 224:tid 1100] [client ::1:59999] PHP Deprecated:  Required parameter $meta follows optional parameter $layout in C:\\Server\\Domains\\smart_house\\core\\base\\View.php on line 15, referer: http://localhost/
[Tue Jun 08 16:59:16.506348 2021] [php:warn] [pid 224:tid 1100] [client ::1:59999] PHP Warning:  Trying to access array offset on value of type null in C:\\Server\\Domains\\smart_house\\core\\base\\View.php on line 17, referer: http://localhost/
[Tue Jun 08 16:59:16.506348 2021] [php:warn] [pid 224:tid 1100] [client ::1:59999] PHP Warning:  Trying to access array offset on value of type null in C:\\Server\\Domains\\smart_house\\core\\base\\View.php on line 19, referer: http://localhost/
[Tue Jun 08 16:59:16.506348 2021] [php:warn] [pid 224:tid 1100] [client ::1:59999] PHP Warning:  Trying to access array offset on value of type null in C:\\Server\\Domains\\smart_house\\core\\base\\View.php on line 20, referer: http://localhost/
[Tue Jun 08 17:03:10.484713 2021] [php:notice] [pid 224:tid 1128] [client ::1:54335] PHP Deprecated:  Required parameter $meta follows optional parameter $layout in C:\\Server\\Domains\\smart_house\\core\\base\\View.php on line 15, referer: http://localhost/
[Tue Jun 08 17:03:10.484713 2021] [php:warn] [pid 224:tid 1128] [client ::1:54335] PHP Warning:  Trying to access array offset on value of type null in C:\\Server\\Domains\\smart_house\\core\\base\\View.php on line 17, referer: http://localhost/
[Tue Jun 08 17:03:10.484713 2021] [php:warn] [pid 224:tid 1128] [client ::1:54335] PHP Warning:  Trying to access array offset on value of type null in C:\\Server\\Domains\\smart_house\\core\\base\\View.php on line 19, referer: http://localhost/
[Tue Jun 08 17:03:10.484713 2021] [php:warn] [pid 224:tid 1128] [client ::1:54335] PHP Warning:  Trying to access array offset on value of type null in C:\\Server\\Domains\\smart_house\\core\\base\\View.php on line 20, referer: http://localhost/
[Tue Jun 08 17:05:59.247903 2021] [php:notice] [pid 224:tid 1100] [client ::1:52312] PHP Deprecated:  Required parameter $meta follows optional parameter $layout in C:\\Server\\Domains\\smart_house\\core\\base\\View.php on line 15, referer: http://localhost/
[Tue Jun 08 17:05:59.247903 2021] [php:warn] [pid 224:tid 1100] [client ::1:52312] PHP Warning:  Trying to access array offset on value of type null in C:\\Server\\Domains\\smart_house\\core\\base\\View.php on line 17, referer: http://localhost/
[Tue Jun 08 17:05:59.247903 2021] [php:warn] [pid 224:tid 1100] [client ::1:52312] PHP Warning:  Trying to access array offset on value of type null in C:\\Server\\Domains\\smart_house\\core\\base\\View.php on line 19, referer: http://localhost/
[Tue Jun 08 17:05:59.247903 2021] [php:warn] [pid 224:tid 1100] [client ::1:52312] PHP Warning:  Trying to access array offset on value of type null in C:\\Server\\Domains\\smart_house\\core\\base\\View.php on line 20, referer: http://localhost/
[Tue Jun 08 17:06:00.996160 2021] [php:notice] [pid 224:tid 1128] [client ::1:52011] PHP Deprecated:  Required parameter $meta follows optional parameter $layout in C:\\Server\\Domains\\smart_house\\core\\base\\View.php on line 15, referer: http://localhost/
[Tue Jun 08 17:06:00.996160 2021] [php:warn] [pid 224:tid 1128] [client ::1:52011] PHP Warning:  Trying to access array offset on value of type null in C:\\Server\\Domains\\smart_house\\core\\base\\View.php on line 17, referer: http://localhost/
[Tue Jun 08 17:06:00.996160 2021] [php:warn] [pid 224:tid 1128] [client ::1:52011] PHP Warning:  Trying to access array offset on value of type null in C:\\Server\\Domains\\smart_house\\core\\base\\View.php on line 19, referer: http://localhost/
[Tue Jun 08 17:06:00.996160 2021] [php:warn] [pid 224:tid 1128] [client ::1:52011] PHP Warning:  Trying to access array offset on value of type null in C:\\Server\\Domains\\smart_house\\core\\base\\View.php on line 20, referer: http://localhost/
[Tue Jun 08 17:06:02.052910 2021] [php:notice] [pid 224:tid 1100] [client ::1:61250] PHP Deprecated:  Required parameter $meta follows optional parameter $layout in C:\\Server\\Domains\\smart_house\\core\\base\\View.php on line 15, referer: http://localhost/
[Tue Jun 08 17:06:02.052910 2021] [php:warn] [pid 224:tid 1100] [client ::1:61250] PHP Warning:  Trying to access array offset on value of type null in C:\\Server\\Domains\\smart_house\\core\\base\\View.php on line 17, referer: http://localhost/
[Tue Jun 08 17:06:02.052910 2021] [php:warn] [pid 224:tid 1100] [client ::1:61250] PHP Warning:  Trying to access array offset on value of type null in C:\\Server\\Domains\\smart_house\\core\\base\\View.php on line 19, referer: http://localhost/
[Tue Jun 08 17:06:02.052910 2021] [php:warn] [pid 224:tid 1100] [client ::1:61250] PHP Warning:  Trying to access array offset on value of type null in C:\\Server\\Domains\\smart_house\\core\\base\\View.php on line 20, referer: http://localhost/
[Tue Jun 08 17:06:02.303990 2021] [php:notice] [pid 224:tid 1128] [client ::1:65354] PHP Deprecated:  Required parameter $meta follows optional parameter $layout in C:\\Server\\Domains\\smart_house\\core\\base\\View.php on line 15, referer: http://localhost/
[Tue Jun 08 17:06:02.303990 2021] [php:warn] [pid 224:tid 1128] [client ::1:65354] PHP Warning:  Trying to access array offset on value of type null in C:\\Server\\Domains\\smart_house\\core\\base\\View.php on line 17, referer: http://localhost/
[Tue Jun 08 17:06:02.303990 2021] [php:warn] [pid 224:tid 1128] [client ::1:65354] PHP Warning:  Trying to access array offset on value of type null in C:\\Server\\Domains\\smart_house\\core\\base\\View.php on line 19, referer: http://localhost/
[Tue Jun 08 17:06:02.303990 2021] [php:warn] [pid 224:tid 1128] [client ::1:65354] PHP Warning:  Trying to access array offset on value of type null in C:\\Server\\Domains\\smart_house\\core\\base\\View.php on line 20, referer: http://localhost/
[Tue Jun 08 17:06:10.302918 2021] [php:notice] [pid 224:tid 1100] [client ::1:59585] PHP Deprecated:  Required parameter $meta follows optional parameter $layout in C:\\Server\\Domains\\smart_house\\core\\base\\View.php on line 15, referer: http://localhost/
[Tue Jun 08 17:07:44.030814 2021] [php:notice] [pid 224:tid 1128] [client ::1:58706] PHP Deprecated:  Required parameter $meta follows optional parameter $layout in C:\\Server\\Domains\\smart_house\\core\\base\\View.php on line 15, referer: http://localhost/
[Tue Jun 08 17:27:36.354817 2021] [php:notice] [pid 224:tid 1100] [client ::1:51026] PHP Deprecated:  Required parameter $meta follows optional parameter $layout in C:\\Server\\Domains\\smart_house\\core\\base\\View.php on line 15, referer: http://localhost/
[Tue Jun 08 17:36:16.884826 2021] [php:notice] [pid 224:tid 1128] [client ::1:64568] PHP Deprecated:  Required parameter $meta follows optional parameter $layout in C:\\Server\\Domains\\smart_house\\core\\base\\View.php on line 15, referer: http://localhost/
[Tue Jun 08 17:37:41.204954 2021] [php:notice] [pid 224:tid 1100] [client ::1:54280] PHP Deprecated:  Required parameter $meta follows optional parameter $layout in C:\\Server\\Domains\\smart_house\\core\\base\\View.php on line 15, referer: http://localhost/
[Tue Jun 08 17:39:31.021755 2021] [php:warn] [pid 224:tid 1128] [client ::1:64435] PHP Warning:  Array to string conversion in C:\\Server\\Domains\\smart_house\\core\\base\\View.php on line 31, referer: http://localhost/
[Tue Jun 08 17:41:21.140859 2021] [php:warn] [pid 224:tid 1100] [client ::1:54759] PHP Warning:  Array to string conversion in C:\\Server\\Domains\\smart_house\\core\\base\\View.php on line 31, referer: http://localhost/
[Tue Jun 08 19:11:34.070420 2021] [php:warn] [pid 224:tid 1100] [client ::1:59616] PHP Warning:  Array to string conversion in C:\\Server\\Domains\\smart_house\\core\\base\\Db.php on line 10, referer: http://localhost/
[Tue Jun 08 23:36:50.411889 2021] [php:warn] [pid 224:tid 1100] [client ::1:65478] PHP Warning:  Array to string conversion in C:\\Server\\Domains\\smart_house\\core\\base\\Db.php on line 9, referer: http://localhost/
[Wed Jun 09 01:10:08.458823 2021] [php:warn] [pid 6116:tid 1144] [client ::1:53467] PHP Warning:  require_once(C:\\Server\\Domains\\smart_house/core/libsrb.php): Failed to open stream: No such file or directory in C:\\Server\\Domains\\smart_house\\core\\base\\Db.php on line 9, referer: http://localhost/
[Wed Jun 09 01:10:26.131284 2021] [php:warn] [pid 6116:tid 1132] [client ::1:56365] PHP Warning:  Class "\\RedBeanPHP\\R" not found in C:\\Server\\Domains\\smart_house\\core\\base\\Db.php on line 12, referer: http://localhost/
[Wed Jun 09 01:11:52.770956 2021] [php:warn] [pid 6116:tid 1132] [client ::1:59341] PHP Warning:  Class "C:\\Server\\Domains\\smart_house/core/libs\\RedBeanPHP\\R" not found in C:\\Server\\Domains\\smart_house\\core\\base\\Db.php on line 12, referer: http://localhost/
[Wed Jun 09 01:15:56.692749 2021] [php:warn] [pid 6116:tid 1132] [client ::1:56992] PHP Warning:  Class "C:\\Server\\Domains\\smart_house/core/libsrb.php\\RedBeanPHP\\R" not found in C:\\Server\\Domains\\smart_house\\core\\base\\Db.php on line 12, referer: http://localhost/
[Wed Jun 09 01:16:13.844514 2021] [php:warn] [pid 6116:tid 1132] [client ::1:61967] PHP Warning:  Class "C:\\Server\\Domains\\smart_house/core/libs\\rb.php\\RedBeanPHP\\R" not found in C:\\Server\\Domains\\smart_house\\core\\base\\Db.php on line 12, referer: http://localhost/
[Wed Jun 09 09:54:52.115876 2021] [php:warn] [pid 6116:tid 1124] [client 127.0.0.1:58116] PHP Warning:  Undefined variable $posts in C:\\Server\\Domains\\smart_house\\app\\views\\Main\\index.php on line 5
[Wed Jun 09 09:54:52.116869 2021] [php:warn] [pid 6116:tid 1124] [client 127.0.0.1:58116] PHP Warning:  foreach() argument must be of type array|object, null given in C:\\Server\\Domains\\smart_house\\app\\views\\Main\\index.php on line 5
